# timestamp | duration | file | instruction | dir | modtime | etag | size | fileId | status | errorString | http result code | other size | other modtime | other etag | other fileId | other instruction
#=#=#=# Syncrun started  until  (0 msec)
#=#=#=# Syncrun started  until  (0 msec)
11:42:23|4031|MappingParser.jar|INST_NEW|Up|1487179770||4339222||4||201|0|0|||INST_NONE|
11:42:22|518|OSITEST|INST_NEW|Up|1487180364||0||4||201|0|0|||INST_NONE|
11:42:23|392|OSITEST/DDL|INST_NEW|Up|1487179543||0||4||201|0|0|||INST_NONE|
11:42:24|1171|OSITEST/DDL/DDL.zip|INST_NEW|Up|1487086002||4027||4||201|0|0|||INST_NONE|
11:42:25|544|OSITEST/DDL/DDL_CSS01LF03T.sql|INST_NEW|Up|1487174984||114||4||201|0|0|||INST_NONE|
11:42:25|645|OSITEST/DDL/DDL_CSS01LF04T.sql|INST_NEW|Up|1487174982||118||4||201|0|0|||INST_NONE|
11:42:26|552|OSITEST/DDL/DDL_CSS01LF07T.sql|INST_NEW|Up|1487174984||109||4||201|0|0|||INST_NONE|
11:42:26|438|OSITEST/DDL/DDL_CSS05FF01T.sql|INST_NEW|Up|1487246145||153||4||201|0|0|||INST_NONE|
11:42:26|534|OSITEST/DDL/DDL_CTL_FECHAS_DM_V.sql|INST_NEW|Up|1487245914||172||4||201|0|0|||INST_NONE|
11:42:26|542|OSITEST/DDL/DDL_GCT20F095T.sql|INST_NEW|Up|1487180338||502||4||201|0|0|||INST_NONE|
11:42:27|401|OSITEST/DDL/DDL_GCT20F096T.sql|INST_NEW|Up|1487180310||97||4||201|0|0|||INST_NONE|
11:42:27|505|OSITEST/DDL/DDL_Shortcut_to_ECDA_AXINF_STOCK_ALM_ECOMM.sql|INST_NEW|Up|1487179298||525||4||201|0|0|||INST_NONE|
11:42:27|403|OSITEST/DDL/DDL_Shortcut_to_ECDA_AXINF_SUSCRIPCION.sql|INST_NEW|Up|1487179151||514||4||201|0|0|||INST_NONE|
11:42:27|514|OSITEST/DDL/DDL_Shortcut_to_ECDA_AXRP_STK_ALM_E.sql|INST_NEW|Up|1487179198||331||4||201|0|0|||INST_NONE|
11:42:27|436|OSITEST/DDL/DDL_TBL_1.sql|INST_NEW|Up|1487245914||162||4||201|0|0|||INST_NONE|
11:42:27|720|OSITEST/DDL/DDL_TGT_AGG_MAX_QUARTER.sql|INST_NEW|Up|1487174982||65||4||201|0|0|||INST_NONE|
11:42:28|670|OSITEST/DDL/DDL_TGT_CSS01LF03T2.sql|INST_NEW|Up|1487174984||116||4||201|0|0|||INST_NONE|
11:42:28|623|OSITEST/DDL/DDL_TGT_CSS01LF04T10.sql|INST_NEW|Up|1487174981||126||4||201|0|0|||INST_NONE|
11:42:28|572|OSITEST/DDL/DDL_TGT_CSS01LF04T11.sql|INST_NEW|Up|1487174981||129||4||201|0|0|||INST_NONE|
11:42:28|552|OSITEST/DDL/DDL_TGT_CSS01LF04T14.sql|INST_NEW|Up|1487174982||129||4||201|0|0|||INST_NONE|
11:42:28|557|OSITEST/DDL/DDL_TGT_CSS01LF04T16.sql|INST_NEW|Up|1487174982||129||4||201|0|0|||INST_NONE|
11:42:29|502|OSITEST/DDL/DDL_TGT_CSS01LF04T17.sql|INST_NEW|Up|1487174982||129||4||201|0|0|||INST_NONE|
11:42:29|531|OSITEST/DDL/DDL_TGT_CSS01LF04T2.sql|INST_NEW|Up|1487174977||125||4||201|0|0|||INST_NONE|
11:42:29|487|OSITEST/DDL/DDL_TGT_CSS01LF04T3.sql|INST_NEW|Up|1487174978||125||4||201|0|0|||INST_NONE|
11:42:29|448|OSITEST/DDL/DDL_TGT_CSS01LF04T4.sql|INST_NEW|Up|1487174979||125||4||201|0|0|||INST_NONE|
11:42:29|445|OSITEST/DDL/DDL_TGT_CSS01LF04T5.sql|INST_NEW|Up|1487174979||125||4||201|0|0|||INST_NONE|
11:42:29|679|OSITEST/DDL/DDL_TGT_CSS01LF04T6.sql|INST_NEW|Up|1487174980||125||4||201|0|0|||INST_NONE|
11:42:30|863|OSITEST/DDL/DDL_TGT_CSS01LF04T8.sql|INST_NEW|Up|1487174980||125||4||201|0|0|||INST_NONE|
11:42:30|852|OSITEST/DDL/DDL_TGT_CSS01LF04T9.sql|INST_NEW|Up|1487174980||125||4||201|0|0|||INST_NONE|
11:42:30|646|OSITEST/DDL/DDL_TGT_CSS01LF07T2.sql|INST_NEW|Up|1487174983||116||4||201|0|0|||INST_NONE|
11:42:31|498|OSITEST/DDL/DDL_TGT_CSS01LF07T3.sql|INST_NEW|Up|1487174983||116||4||201|0|0|||INST_NONE|
11:42:31|534|OSITEST/DDL/DDL_TGT_CSS01LF07T4.sql|INST_NEW|Up|1487174983||116||4||201|0|0|||INST_NONE|
11:42:31|503|OSITEST/DDL/DDL_TGT_CSS01LF07T5.sql|INST_NEW|Up|1487174983||116||4||201|0|0|||INST_NONE|
11:42:31|529|OSITEST/DDL/DDL_TGT_CSS01LF07T6.sql|INST_NEW|Up|1487174984||116||4||201|0|0|||INST_NONE|
11:42:31|981|OSITEST/DDL/DDL_TGT_EXP_CALCULATE_MONTH.sql|INST_NEW|Up|1487174984||64||4||201|0|0|||INST_NONE|
11:42:31|860|OSITEST/DDL/DDL_TGT_EXP_CALC_QUARTER.sql|INST_NEW|Up|1487174982||64||4||201|0|0|||INST_NONE|
11:42:32|759|OSITEST/DDL/DDL_TGT_EXP_EXISTING_QUARTER.sql|INST_NEW|Up|1487174982||70||4||201|0|0|||INST_NONE|
11:42:32|551|OSITEST/DDL/DDL_TGT_EXP_EXISTS.sql|INST_NEW|Up|1487174984||58||4||201|0|0|||INST_NONE|
11:42:32|663|OSITEST/DDL/DDL_TGT_EXP_PREVIOUS_QUARTER.sql|INST_NEW|Up|1487174982||67||4||201|0|0|||INST_NONE|
11:42:32|629|OSITEST/DDL/DDL_TGT_EXP_PREVIOUS_YEARS.sql|INST_NEW|Up|1487174984||62||4||201|0|0|||INST_NONE|
11:42:33|458|OSITEST/DDL/DDL_TGT_EXP_TESTONE.sql|INST_NEW|Up|1487180364||525||4||201|0|0|||INST_NONE|
11:42:33|472|OSITEST/DDL/DDL_TGT_EXP_TESTTHREE.sql|INST_NEW|Up|1487180332||212||4||201|0|0|||INST_NONE|
11:42:33|579|OSITEST/DDL/DDL_TGT_EXP_TESTTWO.sql|INST_NEW|Up|1487180348||342||4||201|0|0|||INST_NONE|
11:42:33|531|OSITEST/DDL/DDL_TGT_EXP_parametro.sql|INST_NEW|Up|1487179292||56||4||201|0|0|||INST_NONE|
11:42:34|587|OSITEST/DDL/DDL_TGT_FIL_ERROR.sql|INST_NEW|Up|1487179281||58||4||201|0|0|||INST_NONE|
11:42:34|543|OSITEST/DDL/DDL_TGT_FIL_EXISTING_QUARTER.sql|INST_NEW|Up|1487174982||67||4||201|0|0|||INST_NONE|
11:42:34|617|OSITEST/DDL/DDL_TGT_FIL_EXISTING_YEAR.sql|INST_NEW|Up|1487174984||61||4||201|0|0|||INST_NONE|
11:42:34|506|OSITEST/DDL/DDL_TGT_FIL_EXP_TESTTWO.sql|INST_NEW|Up|1487167976||1002||4||201|0|0|||INST_NONE|
11:42:34|511|OSITEST/DDL/DDL_TGT_FIL_NEWGROUP1.sql|INST_NEW|Up|1487164614||1000||4||201|0|0|||INST_NONE|
11:42:35|492|OSITEST/DDL/DDL_TGT_FIL_NEWGROUP2.sql|INST_NEW|Up|1487164614||1000||4||201|0|0|||INST_NONE|
11:42:35|468|OSITEST/DDL/DDL_TGT_FIL_ONE.sql|INST_NEW|Up|1487246145||1075||4||201|0|0|||INST_NONE|
11:42:35|549|OSITEST/DDL/DDL_TGT_FIL_TGT_EXP_TESTONE.sql|INST_NEW|Up|1487167977||1006||4||201|0|0|||INST_NONE|
11:42:35|407|OSITEST/DDL/DDL_TGT_FIL_TGT_EXP_TESTTHREE.sql|INST_NEW|Up|1487168085||1008||4||201|0|0|||INST_NONE|
11:42:35|465|OSITEST/DDL/DDL_TGT_FIL_TGT_EXP_TESTTWO.sql|INST_NEW|Up|1487167976||1006||4||201|0|0|||INST_NONE|
11:42:35|540|OSITEST/DDL/DDL_TGT_FTR_EXISTS.sql|INST_NEW|Up|1487174984||55||4||201|0|0|||INST_NONE|
11:42:36|647|OSITEST/DDL/DDL_TGT_JNR_STK_ALM.sql|INST_NEW|Up|1487179223||469||4||201|0|0|||INST_NONE|
11:42:36|640|OSITEST/DDL/DDL_TGT_JNR_TRANSONE.sql|INST_NEW|Up|1487180354||1080||4||201|0|0|||INST_NONE|
11:42:36|556|OSITEST/DDL/DDL_TGT_JNR_TRANSONE1.sql|INST_NEW|Up|1487157417||1047||4||201|0|0|||INST_NONE|
11:42:36|549|OSITEST/DDL/DDL_TGT_JNR_TRANSONE2.sql|INST_NEW|Up|1487180343||1047||4||201|0|0|||INST_NONE|
11:42:36|497|OSITEST/DDL/DDL_TGT_JNR_TRANSONE3.sql|INST_NEW|Up|1487180359||1047||4||201|0|0|||INST_NONE|
11:42:37|538|OSITEST/DDL/DDL_TGT_RTR_TESTONE.sql|INST_NEW|Up|1487180364||507||4||201|0|0|||INST_NONE|
11:42:37|529|OSITEST/DDL/DDL_TGT_TGT_JNR_TRANSONE2.sql|INST_NEW|Up|1487148537||1051||4||201|0|0|||INST_NONE|
11:42:37|528|OSITEST/DDL/DDL_TGT_TGT_JNR_TRANSONE3.sql|INST_NEW|Up|1487148538||1051||4||201|0|0|||INST_NONE|
11:42:37|412|OSITEST/DDL/DDL_TGT_agg_calcula_cantidades.sql|INST_NEW|Up|1487179210||276||4||201|0|0|||INST_NONE|
11:42:37|433|OSITEST/DDL/DDL_TGT_agg_calculo_indicadores.sql|INST_NEW|Up|1487179304||464||4||201|0|0|||INST_NONE|
11:42:37|472|OSITEST/DDL/DDL_TGT_exp_cartesiano.sql|INST_NEW|Up|1487179258||77||4||201|0|0|||INST_NONE|
11:42:38|387|OSITEST/DDL/DDL_TGT_exp_cartesiano1.sql|INST_NEW|Up|1487179269||83||4||201|0|0|||INST_NONE|
11:42:38|460|OSITEST/DDL/DDL_TGT_exp_check_noInformados.sql|INST_NEW|Up|1487179327||280||4||201|0|0|||INST_NONE|
11:42:38|419|OSITEST/DDL/DDL_TGT_exp_decodifica_campos.sql|INST_NEW|Up|1487179216||123||4||201|0|0|||INST_NONE|
11:42:38|555|OSITEST/DDL/DDL_TGT_exp_no_informado_articulo.sql|INST_NEW|Up|1487179192||294||4||201|0|0|||INST_NONE|
11:42:38|590|OSITEST/DDL/DDL_TGT_exp_parsea_fichero.sql|INST_NEW|Up|1487179241||156||4||201|0|0|||INST_NONE|
11:42:38|645|OSITEST/DDL/DDL_TGT_jnr_cartesiano.sql|INST_NEW|Up|1487179263||208||4||201|0|0|||INST_NONE|
11:42:39|556|OSITEST/DDL/DDL_TGT_lkp_dim_articulo.sql|INST_NEW|Up|1487179192||67||4||201|0|0|||INST_NONE|
11:42:39|498|OSITEST/DDL/DDL_TGT_lkp_dim_articulo_color_talla.sql|INST_NEW|Up|1487179186||91||4||201|0|0|||INST_NONE|
11:42:39|475|OSITEST/DDL/DDL_TGT_lkp_dim_campana.sql|INST_NEW|Up|1487179321||80||4||201|0|0|||INST_NONE|
11:42:39|428|OSITEST/DDL/DDL_TGT_lkp_dim_localizacion.sql|INST_NEW|Up|1487179174||72||4||201|0|0|||INST_NONE|
11:42:39|400|OSITEST/DDL/DDL_TGT_lkp_dim_producto.sql|INST_NEW|Up|1487179327||69||4||201|0|0|||INST_NONE|
11:42:40|417|OSITEST/DDL/DDL_TGT_seq_ordenacion.sql|INST_NEW|Up|1487179258||37||4||201|0|0|||INST_NONE|
11:42:40|1090|OSITEST/DDL/DDL_TGT_sp_EJECUCION_PROCESO_ETL_FIN1.sql|INST_NEW|Up|1487179286||78||4||201|0|0|||INST_NONE|
11:42:40|1025|OSITEST/DDL/DDL_TGT_sp_EJECUCION_PROCESO_ETL_INICIO1.sql|INST_NEW|Up|1487179137||81||4||201|0|0|||INST_NONE|
11:42:40|914|OSITEST/DDL/DDL_TGT_srt_ordena_agregada.sql|INST_NEW|Up|1487179315||451||4||201|0|0|||INST_NONE|
11:42:41|546|OSITEST/DDL/DDL_TGT_srt_ordena_lineas.sql|INST_NEW|Up|1487179235||83||4||201|0|0|||INST_NONE|
11:42:41|365|OSITEST/DDL/DDL_fichero_parametro.sql|INST_NEW|Up|1487179252||56||4||201|0|0|||INST_NONE|
11:42:41|670|OSITEST/DDL/DDL_fichero_parametro1.sql|INST_NEW|Up|1487179229||58||4||201|0|0|||INST_NONE|
11:42:41|538|OSITEST/DDL/DDL_null.sql|INST_NEW|Up|1487179309||23||4||201|0|0|||INST_NONE|
11:42:41|1039|OSITEST/DDL/DDL_valor_retorno_sp.sql|INST_NEW|Up|1487179275||56||4||201|0|0|||INST_NONE|
11:42:23|838|OSITEST/FILE|INST_NEW|Up|1487179543||0||4||201|0|0|||INST_NONE|
11:42:42|1149|OSITEST/FILE/CSS01LF03T.asc|INST_NEW|Up|1487174984||47||4||201|0|0|||INST_NONE|
11:42:42|952|OSITEST/FILE/CSS01LF04T.asc|INST_NEW|Up|1487174982||51||4||201|0|0|||INST_NONE|
11:42:43|549|OSITEST/FILE/CSS01LF07T.asc|INST_NEW|Up|1487174984||42||4||201|0|0|||INST_NONE|
11:42:43|410|OSITEST/FILE/CSS05FF01T.asc|INST_NEW|Up|1487246145||71||4||201|0|0|||INST_NONE|
11:42:43|506|OSITEST/FILE/CTL_FECHAS_DM_V.asc|INST_NEW|Up|1487245914||87||4||201|0|0|||INST_NONE|
11:42:43|530|OSITEST/FILE/GCT20F095T.asc|INST_NEW|Up|1487180338||238||4||201|0|0|||INST_NONE|
11:42:43|605|OSITEST/FILE/GCT20F096T.asc|INST_NEW|Up|1487180310||28||4||201|0|0|||INST_NONE|
11:42:43|630|OSITEST/FILE/Shortcut_to_ECDA_AXINF_STOCK_ALM_ECOMM.asc|INST_NEW|Up|1487179298||216||4||201|0|0|||INST_NONE|
11:42:44|542|OSITEST/FILE/Shortcut_to_ECDA_AXINF_SUSCRIPCION.asc|INST_NEW|Up|1487179151||206||4||201|0|0|||INST_NONE|
11:42:44|530|OSITEST/FILE/Shortcut_to_ECDA_AXRP_STK_ALM_E.asc|INST_NEW|Up|1487179198||140||4||201|0|0|||INST_NONE|
11:42:44|540|OSITEST/FILE/TBL_1.asc|INST_NEW|Up|1487245914||87||4||201|0|0|||INST_NONE|
11:42:44|526|OSITEST/FILE/TGT_AGG_MAX_QUARTER.asc|INST_NEW|Up|1487174982||15||4||201|0|0|||INST_NONE|
11:42:44|553|OSITEST/FILE/TGT_CSS01LF03T10.asc|INST_NEW|Up|1487076930||47||4||201|0|0|||INST_NONE|
11:42:45|540|OSITEST/FILE/TGT_CSS01LF03T11.asc|INST_NEW|Up|1487076930||47||4||201|0|0|||INST_NONE|
11:42:45|682|OSITEST/FILE/TGT_CSS01LF03T12.asc|INST_NEW|Up|1487076931||47||4||201|0|0|||INST_NONE|
11:42:45|594|OSITEST/FILE/TGT_CSS01LF03T13.asc|INST_NEW|Up|1487076931||47||4||201|0|0|||INST_NONE|
11:42:45|692|OSITEST/FILE/TGT_CSS01LF03T14.asc|INST_NEW|Up|1487076931||47||4||201|0|0|||INST_NONE|
11:42:46|622|OSITEST/FILE/TGT_CSS01LF03T15.asc|INST_NEW|Up|1487076931||47||4||201|0|0|||INST_NONE|
11:42:46|640|OSITEST/FILE/TGT_CSS01LF03T16.asc|INST_NEW|Up|1487076932||47||4||201|0|0|||INST_NONE|
11:42:46|490|OSITEST/FILE/TGT_CSS01LF03T17.asc|INST_NEW|Up|1487076932||47||4||201|0|0|||INST_NONE|
11:42:46|555|OSITEST/FILE/TGT_CSS01LF03T18.asc|INST_NEW|Up|1487076932||47||4||201|0|0|||INST_NONE|
11:42:46|519|OSITEST/FILE/TGT_CSS01LF03T19.asc|INST_NEW|Up|1487076932||47||4||201|0|0|||INST_NONE|
11:42:46|555|OSITEST/FILE/TGT_CSS01LF03T2.asc|INST_NEW|Up|1487174984||44||4||201|0|0|||INST_NONE|
11:42:47|544|OSITEST/FILE/TGT_CSS01LF03T20.asc|INST_NEW|Up|1487076933||47||4||201|0|0|||INST_NONE|
11:42:47|620|OSITEST/FILE/TGT_CSS01LF03T21.asc|INST_NEW|Up|1487076933||47||4||201|0|0|||INST_NONE|
11:42:47|603|OSITEST/FILE/TGT_CSS01LF03T22.asc|INST_NEW|Up|1487076933||47||4||201|0|0|||INST_NONE|
11:42:47|507|OSITEST/FILE/TGT_CSS01LF03T3.asc|INST_NEW|Up|1487076928||44||4||201|0|0|||INST_NONE|
11:42:47|509|OSITEST/FILE/TGT_CSS01LF03T4.asc|INST_NEW|Up|1487076929||44||4||201|0|0|||INST_NONE|
11:42:48|475|OSITEST/FILE/TGT_CSS01LF03T5.asc|INST_NEW|Up|1487076929||44||4||201|0|0|||INST_NONE|
11:42:48|438|OSITEST/FILE/TGT_CSS01LF03T6.asc|INST_NEW|Up|1487076929||44||4||201|0|0|||INST_NONE|
11:42:48|490|OSITEST/FILE/TGT_CSS01LF03T7.asc|INST_NEW|Up|1487076929||44||4||201|0|0|||INST_NONE|
11:42:48|536|OSITEST/FILE/TGT_CSS01LF03T8.asc|INST_NEW|Up|1487076930||44||4||201|0|0|||INST_NONE|
11:42:48|601|OSITEST/FILE/TGT_CSS01LF03T9.asc|INST_NEW|Up|1487076930||44||4||201|0|0|||INST_NONE|
11:42:49|657|OSITEST/FILE/TGT_CSS01LF04T10.asc|INST_NEW|Up|1487174981||54||4||201|0|0|||INST_NONE|
11:42:49|717|OSITEST/FILE/TGT_CSS01LF04T11.asc|INST_NEW|Up|1487174981||57||4||201|0|0|||INST_NONE|
11:42:49|1008|OSITEST/FILE/TGT_CSS01LF04T14.asc|INST_NEW|Up|1487174982||57||4||201|0|0|||INST_NONE|
11:42:49|1425|OSITEST/FILE/TGT_CSS01LF04T16.asc|INST_NEW|Up|1487174982||57||4||201|0|0|||INST_NONE|
11:42:49|767|OSITEST/FILE/TGT_CSS01LF04T17.asc|INST_NEW|Up|1487174982||57||4||201|0|0|||INST_NONE|
11:42:50|488|OSITEST/FILE/TGT_CSS01LF04T2.asc|INST_NEW|Up|1487174977||54||4||201|0|0|||INST_NONE|
11:42:50|460|OSITEST/FILE/TGT_CSS01LF04T3.asc|INST_NEW|Up|1487174978||54||4||201|0|0|||INST_NONE|
11:42:50|2210|OSITEST/FILE/TGT_CSS01LF04T4.asc|INST_NEW|Up|1487174979||54||4||201|0|0|||INST_NONE|
11:42:51|442|OSITEST/FILE/TGT_CSS01LF04T5.asc|INST_NEW|Up|1487174979||54||4||201|0|0|||INST_NONE|
11:42:51|416|OSITEST/FILE/TGT_CSS01LF04T6.asc|INST_NEW|Up|1487174980||54||4||201|0|0|||INST_NONE|
11:42:51|550|OSITEST/FILE/TGT_CSS01LF04T8.asc|INST_NEW|Up|1487174980||54||4||201|0|0|||INST_NONE|
11:42:51|1226|OSITEST/FILE/TGT_CSS01LF04T9.asc|INST_NEW|Up|1487174980||54||4||201|0|0|||INST_NONE|
11:42:52|1084|OSITEST/FILE/TGT_CSS01LF07T2.asc|INST_NEW|Up|1487174983||45||4||201|0|0|||INST_NONE|
11:42:53|654|OSITEST/FILE/TGT_CSS01LF07T3.asc|INST_NEW|Up|1487174983||45||4||201|0|0|||INST_NONE|
11:42:53|1388|OSITEST/FILE/TGT_CSS01LF07T4.asc|INST_NEW|Up|1487174983||45||4||201|0|0|||INST_NONE|
11:42:53|1348|OSITEST/FILE/TGT_CSS01LF07T5.asc|INST_NEW|Up|1487174983||45||4||201|0|0|||INST_NONE|
11:42:53|1039|OSITEST/FILE/TGT_CSS01LF07T6.asc|INST_NEW|Up|1487174984||45||4||201|0|0|||INST_NONE|
11:42:54|500|OSITEST/FILE/TGT_EXP_CALCULATE_MONTH.asc|INST_NEW|Up|1487174984||10||4||201|0|0|||INST_NONE|
11:42:54|556|OSITEST/FILE/TGT_EXP_CALC_QUARTER.asc|INST_NEW|Up|1487174982||13||4||201|0|0|||INST_NONE|
11:42:54|571|OSITEST/FILE/TGT_EXP_EXISTING_QUARTER.asc|INST_NEW|Up|1487174982||15||4||201|0|0|||INST_NONE|
11:42:55|423|OSITEST/FILE/TGT_EXP_EXISTS.asc|INST_NEW|Up|1487174984||13||4||201|0|0|||INST_NONE|
11:42:55|498|OSITEST/FILE/TGT_EXP_PREVIOUS_QUARTER.asc|INST_NEW|Up|1487174982||12||4||201|0|0|||INST_NONE|
11:42:55|496|OSITEST/FILE/TGT_EXP_PREVIOUS_YEARS.asc|INST_NEW|Up|1487174984||9||4||201|0|0|||INST_NONE|
11:42:55|500|OSITEST/FILE/TGT_EXP_TESTONE.asc|INST_NEW|Up|1487180364||256||4||201|0|0|||INST_NONE|
11:42:55|441|OSITEST/FILE/TGT_EXP_TESTTHREE.asc|INST_NEW|Up|1487180332||83||4||201|0|0|||INST_NONE|
11:42:55|464|OSITEST/FILE/TGT_EXP_TESTTWO.asc|INST_NEW|Up|1487180348||167||4||201|0|0|||INST_NONE|
11:42:56|515|OSITEST/FILE/TGT_EXP_parametro.asc|INST_NEW|Up|1487179292||9||4||201|0|0|||INST_NONE|
11:42:56|485|OSITEST/FILE/TGT_FIL_ERROR.asc|INST_NEW|Up|1487179281||14||4||201|0|0|||INST_NONE|
11:42:56|566|OSITEST/FILE/TGT_FIL_EXISTING_QUARTER.asc|INST_NEW|Up|1487174982||12||4||201|0|0|||INST_NONE|
11:42:56|475|OSITEST/FILE/TGT_FIL_EXISTING_YEAR.asc|INST_NEW|Up|1487174984||9||4||201|0|0|||INST_NONE|
11:42:56|439|OSITEST/FILE/TGT_FIL_EXP_TESTTWO.asc|INST_NEW|Up|1487167976||493||4||201|0|0|||INST_NONE|
11:42:56|1144|OSITEST/FILE/TGT_FIL_NEWGROUP1.asc|INST_NEW|Up|1487164614||493||4||201|0|0|||INST_NONE|
11:42:57|1227|OSITEST/FILE/TGT_FIL_NEWGROUP2.asc|INST_NEW|Up|1487164614||493||4||201|0|0|||INST_NONE|
11:42:57|1550|OSITEST/FILE/TGT_FIL_ONE.asc|INST_NEW|Up|1487246145||533||4||201|0|0|||INST_NONE|
11:42:58|1506|OSITEST/FILE/TGT_FIL_TGT_EXP_TESTONE.asc|INST_NEW|Up|1487167977||493||4||201|0|0|||INST_NONE|
11:42:58|1348|OSITEST/FILE/TGT_FIL_TGT_EXP_TESTTHREE.asc|INST_NEW|Up|1487168085||493||4||201|0|0|||INST_NONE|
11:42:58|1016|OSITEST/FILE/TGT_FIL_TGT_EXP_TESTTWO.asc|INST_NEW|Up|1487167976||493||4||201|0|0|||INST_NONE|
11:42:59|616|OSITEST/FILE/TGT_FTR_EXISTS.asc|INST_NEW|Up|1487174984||10||4||201|0|0|||INST_NONE|
11:42:59|707|OSITEST/FILE/TGT_JNR_STK_ALM.asc|INST_NEW|Up|1487179223||218||4||201|0|0|||INST_NONE|
11:42:59|818|OSITEST/FILE/TGT_JNR_TRANSONE.asc|INST_NEW|Up|1487180354||533||4||201|0|0|||INST_NONE|
11:43:00|575|OSITEST/FILE/TGT_JNR_TRANSONE1.asc|INST_NEW|Up|1487157417||540||4||201|0|0|||INST_NONE|
11:43:00|503|OSITEST/FILE/TGT_JNR_TRANSONE2.asc|INST_NEW|Up|1487180343||540||4||201|0|0|||INST_NONE|
11:43:00|514|OSITEST/FILE/TGT_JNR_TRANSONE3.asc|INST_NEW|Up|1487180359||540||4||201|0|0|||INST_NONE|
11:43:00|641|OSITEST/FILE/TGT_RTR_TESTONE.asc|INST_NEW|Up|1487180364||238||4||201|0|0|||INST_NONE|
11:43:01|577|OSITEST/FILE/TGT_TGT_JNR_TRANSONE2.asc|INST_NEW|Up|1487148537||540||4||201|0|0|||INST_NONE|
11:43:01|534|OSITEST/FILE/TGT_TGT_JNR_TRANSONE3.asc|INST_NEW|Up|1487148538||540||4||201|0|0|||INST_NONE|
11:43:01|400|OSITEST/FILE/TGT_agg_calcula_cantidades.asc|INST_NEW|Up|1487179210||118||4||201|0|0|||INST_NONE|
11:43:01|416|OSITEST/FILE/TGT_agg_calculo_indicadores.asc|INST_NEW|Up|1487179304||222||4||201|0|0|||INST_NONE|
11:43:01|409|OSITEST/FILE/TGT_exp_cartesiano.asc|INST_NEW|Up|1487179258||13||4||201|0|0|||INST_NONE|
11:43:02|523|OSITEST/FILE/TGT_exp_cartesiano1.asc|INST_NEW|Up|1487179269||26||4||201|0|0|||INST_NONE|
11:43:02|599|OSITEST/FILE/TGT_exp_check_noInformados.asc|INST_NEW|Up|1487179327||115||4||201|0|0|||INST_NONE|
11:43:02|639|OSITEST/FILE/TGT_exp_decodifica_campos.asc|INST_NEW|Up|1487179216||42||4||201|0|0|||INST_NONE|
11:43:02|550|OSITEST/FILE/TGT_exp_no_informado_articulo.asc|INST_NEW|Up|1487179192||122||4||201|0|0|||INST_NONE|
11:43:02|517|OSITEST/FILE/TGT_exp_parsea_fichero.asc|INST_NEW|Up|1487179241||61||4||201|0|0|||INST_NONE|
11:43:02|478|OSITEST/FILE/TGT_jnr_cartesiano.asc|INST_NEW|Up|1487179263||81||4||201|0|0|||INST_NONE|
11:43:03|577|OSITEST/FILE/TGT_lkp_dim_articulo.asc|INST_NEW|Up|1487179192||16||4||201|0|0|||INST_NONE|
11:43:03|565|OSITEST/FILE/TGT_lkp_dim_articulo_color_talla.asc|INST_NEW|Up|1487179186||28||4||201|0|0|||INST_NONE|
11:43:03|574|OSITEST/FILE/TGT_lkp_dim_campana.asc|INST_NEW|Up|1487179321||19||4||201|0|0|||INST_NONE|
11:43:03|461|OSITEST/FILE/TGT_lkp_dim_localizacion.asc|INST_NEW|Up|1487179174||17||4||201|0|0|||INST_NONE|
11:43:03|491|OSITEST/FILE/TGT_lkp_dim_producto.asc|INST_NEW|Up|1487179327||19||4||201|0|0|||INST_NONE|
11:43:03|480|OSITEST/FILE/TGT_sp_EJECUCION_PROCESO_ETL_FIN1.asc|INST_NEW|Up|1487179286||14||4||201|0|0|||INST_NONE|
11:43:04|466|OSITEST/FILE/TGT_sp_EJECUCION_PROCESO_ETL_INICIO1.asc|INST_NEW|Up|1487179138||14||4||201|0|0|||INST_NONE|
11:43:04|471|OSITEST/FILE/TGT_srt_ordena_agregada.asc|INST_NEW|Up|1487179315||213||4||201|0|0|||INST_NONE|
11:43:04|543|OSITEST/FILE/TGT_srt_ordena_lineas.asc|INST_NEW|Up|1487179235||17||4||201|0|0|||INST_NONE|
11:43:04|498|OSITEST/FILE/fichero_parametro.asc|INST_NEW|Up|1487179252||7||4||201|0|0|||INST_NONE|
11:43:04|483|OSITEST/FILE/fichero_parametro1.asc|INST_NEW|Up|1487179229||7||4||201|0|0|||INST_NONE|
11:43:05|463|OSITEST/FILE/valor_retorno_sp.asc|INST_NEW|Up|1487179275||9||4||201|0|0|||INST_NONE|
11:43:05|728|OSITEST/OSI_TESTMAPPING.JPG|INST_NEW|Up|1484304570||33024||4||201|0|0|||INST_NONE|
11:43:05|736|OSITEST/OSI_TESTMAPPING.XML|INST_NEW|Up|1484304570||126326||4||201|0|0|||INST_NONE|
11:43:05|473|OSITEST/XML|INST_NEW|Up|1487246145||0||4||201|0|0|||INST_NONE|
11:43:06|503|OSITEST/XML/m_EXP_TESTONE.XML|INST_NEW|Up|1487180359||30087||4||201|0|0|||INST_NONE|
11:43:06|512|OSITEST/XML/m_EXP_TESTTHREE.XML|INST_NEW|Up|1487180321||17519||4||201|0|0|||INST_NONE|
11:43:06|527|OSITEST/XML/m_EXP_TESTTWO.XML|INST_NEW|Up|1487180343||21357||4||201|0|0|||INST_NONE|
11:43:06|551|OSITEST/XML/m_FIL_EXP_TESTTWO.XML|INST_NEW|Up|1487180332||36838||4||201|0|0|||INST_NONE|
11:43:07|564|OSITEST/XML/m_FIL_ONE.XML|INST_NEW|Up|1487180298||41996||4||201|0|0|||INST_NONE|
11:43:07|685|OSITEST/XML/m_FIL_ONE1.XML|INST_NEW|Up|1487245940||41996||4||201|0|0|||INST_NONE|
11:43:07|484|OSITEST/XML/m_FIL_ONE2.XML|INST_NEW|Up|1487246058||41996||4||201|0|0|||INST_NONE|
11:43:07|579|OSITEST/XML/m_FIL_ONE3.XML|INST_NEW|Up|1487246145||41996||4||201|0|0|||INST_NONE|
11:43:07|457|OSITEST/XML/m_FIL_TGT_EXP_TESTONE.XML|INST_NEW|Up|1487180364||40868||4||201|0|0|||INST_NONE|
11:43:08|674|OSITEST/XML/m_FIL_TGT_EXP_TESTTHREE.XML|INST_NEW|Up|1487180326||37582||4||201|0|0|||INST_NONE|
11:43:08|556|OSITEST/XML/m_FIL_TGT_EXP_TESTTWO.XML|INST_NEW|Up|1487180348||38659||4||201|0|0|||INST_NONE|
11:43:08|615|OSITEST/XML/m_JNR_TBL_1_CTL_LOG_PROCESOS.XML|INST_NEW|Up|1487245915||14362||4||201|0|0|||INST_NONE|
11:43:08|770|OSITEST/XML/m_JNR_TRANSONE.XML|INST_NEW|Up|1487180304||57430||4||201|0|0|||INST_NONE|
11:43:08|471|OSITEST/XML/m_SQ_GCT20F095T.XML|INST_NEW|Up|1487180338||19525||4||201|0|0|||INST_NONE|
11:43:08|613|OSITEST/XML/m_SQ_GCT20F096T.XML|INST_NEW|Up|1487180310||9526||4||201|0|0|||INST_NONE|
11:43:09|436|OSITEST/XML/m_SelIns_CTL_FECHAS_DM_V.XML|INST_NEW|Up|1487245914||8146||4||201|0|0|||INST_NONE|
11:43:09|521|OSITEST/XML/m_TGT_JNR_TRANSONE2.XML|INST_NEW|Up|1487180315||35874||4||201|0|0|||INST_NONE|
11:43:09|722|OSITEST/XML/m_TGT_JNR_TRANSONE3.XML|INST_NEW|Up|1487180354||35874||4||201|0|0|||INST_NONE|
11:43:05|923|OSITEST/m_CSS55_DATE_UPDATE.JPG|INST_NEW|Up|1479887971||49904||4||201|0|0|||INST_NONE|
11:43:06|775|OSITEST/m_CSS55_DATE_UPDATE.XML|INST_NEW|Up|1479714872||150161||4||201|0|0|||INST_NONE|
11:43:09|437|OSITEST/m_TOTAL_MAPPING.XML|INST_NEW|Up|1486658910||9301||4||201|0|0|||INST_NONE|
11:43:10|721|OSITEST/powrmart.dtd|INST_NEW|Up|1477044158||28419||4||201|0|0|||INST_NONE|
11:43:10|694|OSITEST/queries.sql|INST_NEW|Up|1487180364||6807||4||201|0|0|||INST_NONE|
11:43:10|1622|OSITEST/reengineering.XML|INST_NEW|Up|1477305943||1325892||4||201|0|0|||INST_NONE|
11:43:10|1360|OSITEST/wf_carga_facts_ecommerce.XML|INST_NEW|Up|1484764281||406566||4||201|0|0|||INST_NONE|
11:42:23|3225|SQLParser.jar|INST_NEW|Up|1487178804||4338920||4||201|0|0|||INST_NONE|
11:42:23|827|XML.zip|INST_NEW|Up|1484302410||75728||4||201|0|0|||INST_NONE|
11:43:10|419|adm_carga_tablas_sas.sh|INST_NEW|Up|1484213350||3464||4||201|0|0|||INST_NONE|
11:43:11|716|bin|INST_NEW|Up|1487240422||0||4||201|0|0|||INST_NONE|
11:43:12|560|bin/DDL|INST_NEW|Up|1486731287||0||4||201|0|0|||INST_NONE|
11:43:13|917|bin/DDL/DDL_SRC_1_FIL_COCD_S_GL.sql|INST_NEW|Up|1481801037||544||4||201|0|0|||INST_NONE|
11:43:12|608|bin/corp|INST_NEW|Up|1486731287||0||4||201|0|0|||INST_NONE|
11:43:13|872|bin/corp/everis|INST_NEW|Up|1486731287||0||4||201|0|0|||INST_NONE|
11:43:13|343|bin/corp/everis/pwc|INST_NEW|Up|1486731289||0||4||201|0|0|||INST_NONE|
11:43:14|437|bin/corp/everis/pwc/moam|INST_NEW|Up|1487240445||0||4||201|0|0|||INST_NONE|
11:43:15|470|bin/corp/everis/pwc/moam/Aggregator.class|INST_NEW|Up|1487240446||9481||4||201|0|0|||INST_NONE|
11:43:15|515|bin/corp/everis/pwc/moam/Expression.class|INST_NEW|Up|1487240446||8890||4||201|0|0|||INST_NONE|
11:43:15|514|bin/corp/everis/pwc/moam/Filter.class|INST_NEW|Up|1487240446||6689||4||201|0|0|||INST_NONE|
11:43:15|498|bin/corp/everis/pwc/moam/ISentence.class|INST_NEW|Up|1486731290||147||4||201|0|0|||INST_NONE|
11:43:15|475|bin/corp/everis/pwc/moam/Joiner.class|INST_NEW|Up|1487240446||9931||4||201|0|0|||INST_NONE|
11:43:16|487|bin/corp/everis/pwc/moam/Lookup.class|INST_NEW|Up|1487240446||7824||4||201|0|0|||INST_NONE|
11:43:16|501|bin/corp/everis/pwc/moam/Main.class|INST_NEW|Up|1486731290||2573||4||201|0|0|||INST_NONE|
11:43:16|646|bin/corp/everis/pwc/moam/MappingParser.class|INST_NEW|Up|1487246143||48011||4||201|0|0|||INST_NONE|
11:43:16|720|bin/corp/everis/pwc/moam/SQLParser.class|INST_NEW|Up|1487178317||48408||4||201|0|0|||INST_NONE|
11:43:16|594|bin/corp/everis/pwc/moam/ShuntingYard.class|INST_NEW|Up|1487240446||27650||4||201|0|0|||INST_NONE|
11:43:17|514|bin/corp/everis/pwc/moam/Sorter.class|INST_NEW|Up|1487240446||7455||4||201|0|0|||INST_NONE|
11:43:17|544|bin/corp/everis/pwc/moam/SourceQualifier.class|INST_NEW|Up|1487240446||8686||4||201|0|0|||INST_NONE|
11:43:17|564|bin/corp/everis/pwc/moam/SubQuery.class|INST_NEW|Up|1486731290||3147||4||201|0|0|||INST_NONE|
11:43:17|540|bin/corp/everis/pwc/moam/TableField.class|INST_NEW|Up|1486731290||2236||4||201|0|0|||INST_NONE|
11:43:17|430|bin/corp/everis/pwc/moam/jaxb.properties|INST_NEW|Up|1477495460||78||4||201|0|0|||INST_NONE|
11:43:14|769|bin/corp/everis/pwc/raw|INST_NEW|Up|1486731292||0||4||201|0|0|||INST_NONE|
11:43:18|415|bin/corp/everis/pwc/raw/ASSOCIATEDSOURCEINSTANCE.class|INST_NEW|Up|1486731291||1345||4||201|0|0|||INST_NONE|
11:43:18|449|bin/corp/everis/pwc/raw/ATTRIBUTE.class|INST_NEW|Up|1486731291||1801||4||201|0|0|||INST_NONE|
11:43:18|426|bin/corp/everis/pwc/raw/CONFIG.class|INST_NEW|Up|1486731291||2259||4||201|0|0|||INST_NONE|
11:43:18|415|bin/corp/everis/pwc/raw/CONFIGREFERENCE.class|INST_NEW|Up|1486731291||1916||4||201|0|0|||INST_NONE|
11:43:18|488|bin/corp/everis/pwc/raw/CONNECTIONREFERENCE.class|INST_NEW|Up|1486731291||3356||4||201|0|0|||INST_NONE|
11:43:18|478|bin/corp/everis/pwc/raw/CONNECTOR.class|INST_NEW|Up|1486731291||3342||4||201|0|0|||INST_NONE|
11:43:18|586|bin/corp/everis/pwc/raw/CONWFRUNINFO.class|INST_NEW|Up|1486731291||1330||4||201|0|0|||INST_NONE|
11:43:19|567|bin/corp/everis/pwc/raw/CUSTOM.class|INST_NEW|Up|1486731291||1321||4||201|0|0|||INST_NONE|
11:43:19|506|bin/corp/everis/pwc/raw/DAILYFREQUENCY.class|INST_NEW|Up|1486731291||1555||4||201|0|0|||INST_NONE|
11:43:19|563|bin/corp/everis/pwc/raw/ENDOPTIONS.class|INST_NEW|Up|1486731291||1803||4||201|0|0|||INST_NONE|
11:43:19|564|bin/corp/everis/pwc/raw/ERPINFO.class|INST_NEW|Up|1486731291||2601||4||201|0|0|||INST_NONE|
11:43:19|602|bin/corp/everis/pwc/raw/ERPSRCINFO.class|INST_NEW|Up|1486731291||980||4||201|0|0|||INST_NONE|
11:43:20|592|bin/corp/everis/pwc/raw/EXPRMACRO.class|INST_NEW|Up|1486731291||3585||4||201|0|0|||INST_NONE|
11:43:20|575|bin/corp/everis/pwc/raw/EXPRMACRODEPENDENCY.class|INST_NEW|Up|1486731291||1069||4||201|0|0|||INST_NONE|
11:43:20|514|bin/corp/everis/pwc/raw/FIELDATTRIBUTE.class|INST_NEW|Up|1486731291||2077||4||201|0|0|||INST_NONE|
11:43:20|429|bin/corp/everis/pwc/raw/FIELDDEPENDENCY.class|INST_NEW|Up|1486731291||1332||4||201|0|0|||INST_NONE|
11:43:20|921|bin/corp/everis/pwc/raw/FILTER.class|INST_NEW|Up|1486731291||1879||4||201|0|0|||INST_NONE|
11:43:21|914|bin/corp/everis/pwc/raw/FLATFILE.class|INST_NEW|Up|1486731291||8325||4||201|0|0|||INST_NONE|
11:43:21|902|bin/corp/everis/pwc/raw/FOLDER.class|INST_NEW|Up|1487062640||10384||4||201|0|0|||INST_NONE|
11:43:21|603|bin/corp/everis/pwc/raw/FOLDERVERSION.class|INST_NEW|Up|1486731291||3184||4||201|0|0|||INST_NONE|
11:43:22|638|bin/corp/everis/pwc/raw/GROUP.class|INST_NEW|Up|1486731291||3029||4||201|0|0|||INST_NONE|
11:43:22|829|bin/corp/everis/pwc/raw/HASHKEY.class|INST_NEW|Up|1486731291||1240||4||201|0|0|||INST_NONE|
11:43:22|888|bin/corp/everis/pwc/raw/INITPROP.class|INST_NEW|Up|1486731291||1727||4||201|0|0|||INST_NONE|
11:43:22|789|bin/corp/everis/pwc/raw/INSTANCE.class|INST_NEW|Up|1487151642||7237||4||201|0|0|||INST_NONE|
11:43:23|588|bin/corp/everis/pwc/raw/KEYRANGE.class|INST_NEW|Up|1486731291||1973||4||201|0|0|||INST_NONE|
11:43:23|463|bin/corp/everis/pwc/raw/KEYWORD.class|INST_NEW|Up|1486731291||1021||4||201|0|0|||INST_NONE|
11:43:23|523|bin/corp/everis/pwc/raw/MACROARGUMENT.class|INST_NEW|Up|1486731291||1961||4||201|0|0|||INST_NONE|
11:43:23|535|bin/corp/everis/pwc/raw/MACRODEPENDENCY.class|INST_NEW|Up|1486731291||1053||4||201|0|0|||INST_NONE|
11:43:24|480|bin/corp/everis/pwc/raw/MAPDEPENDENCY.class|INST_NEW|Up|1486731291||2260||4||201|0|0|||INST_NONE|
11:43:24|555|bin/corp/everis/pwc/raw/MAPPING.class|INST_NEW|Up|1487064242||7615||4||201|0|0|||INST_NONE|
11:43:24|582|bin/corp/everis/pwc/raw/MAPPINGVARIABLE.class|INST_NEW|Up|1486731291||4000||4||201|0|0|||INST_NONE|
11:43:24|568|bin/corp/everis/pwc/raw/MAPPLET.class|INST_NEW|Up|1486731291||5535||4||201|0|0|||INST_NONE|
11:43:24|564|bin/corp/everis/pwc/raw/METADATAEXTENSION.class|INST_NEW|Up|1486731291||5673||4||201|0|0|||INST_NONE|
11:43:25|616|bin/corp/everis/pwc/raw/ObjectFactory.class|INST_NEW|Up|1486731291||15748||4||201|0|0|||INST_NONE|
11:43:25|597|bin/corp/everis/pwc/raw/PARTITION.class|INST_NEW|Up|1486731291||2203||4||201|0|0|||INST_NONE|
11:43:25|608|bin/corp/everis/pwc/raw/POWERMART.class|INST_NEW|Up|1487062397||2482||4||201|0|0|||INST_NONE|
11:43:25|534|bin/corp/everis/pwc/raw/RECURRING.class|INST_NEW|Up|1486731291||1461||4||201|0|0|||INST_NONE|
11:43:25|486|bin/corp/everis/pwc/raw/REPEAT.class|INST_NEW|Up|1486731291||1732||4||201|0|0|||INST_NONE|
11:43:25|617|bin/corp/everis/pwc/raw/REPOSITORY.class|INST_NEW|Up|1487062396||4465||4||201|0|0|||INST_NONE|
11:43:26|429|bin/corp/everis/pwc/raw/RESOURCEREFERENCE.class|INST_NEW|Up|1486731291||1594||4||201|0|0|||INST_NONE|
11:43:26|550|bin/corp/everis/pwc/raw/SAPCODEBLOCK.class|INST_NEW|Up|1486731291||1767||4||201|0|0|||INST_NONE|
11:43:26|454|bin/corp/everis/pwc/raw/SAPFUNCINSTANCEPARAM.class|INST_NEW|Up|1486731291||2327||4||201|0|0|||INST_NONE|
11:43:26|475|bin/corp/everis/pwc/raw/SAPFUNCINSTANCEPARAMFLD.class|INST_NEW|Up|1486731291||1598||4||201|0|0|||INST_NONE|
11:43:26|423|bin/corp/everis/pwc/raw/SAPFUNCPARAM.class|INST_NEW|Up|1486731291||3399||4||201|0|0|||INST_NONE|
11:43:27|369|bin/corp/everis/pwc/raw/SAPFUNCTION.class|INST_NEW|Up|1486731291||2061||4||201|0|0|||INST_NONE|
11:43:27|462|bin/corp/everis/pwc/raw/SAPFUNCTIONINSTANCE.class|INST_NEW|Up|1486731291||2217||4||201|0|0|||INST_NONE|
11:43:27|454|bin/corp/everis/pwc/raw/SAPOUTPUTPORT.class|INST_NEW|Up|1486731291||1773||4||201|0|0|||INST_NONE|
11:43:27|481|bin/corp/everis/pwc/raw/SAPPROGRAM.class|INST_NEW|Up|1486731291||2518||4||201|0|0|||INST_NONE|
11:43:27|427|bin/corp/everis/pwc/raw/SAPPROGRAMFLOWOBJECT.class|INST_NEW|Up|1486731291||3436||4||201|0|0|||INST_NONE|
11:43:27|463|bin/corp/everis/pwc/raw/SAPSTRUCTURE.class|INST_NEW|Up|1486731291||1532||4||201|0|0|||INST_NONE|
11:43:28|458|bin/corp/everis/pwc/raw/SAPSTRUCTUREFIELD.class|INST_NEW|Up|1486731291||1970||4||201|0|0|||INST_NONE|
11:43:28|453|bin/corp/everis/pwc/raw/SAPTABLEINSTANCEPARAM.class|INST_NEW|Up|1486731291||2331||4||201|0|0|||INST_NONE|
11:43:28|428|bin/corp/everis/pwc/raw/SAPTABLEPARAM.class|INST_NEW|Up|1486731291||1996||4||201|0|0|||INST_NONE|
11:43:28|473|bin/corp/everis/pwc/raw/SAPVARIABLE.class|INST_NEW|Up|1486731291||2981||4||201|0|0|||INST_NONE|
11:43:28|457|bin/corp/everis/pwc/raw/SCHEDULEINFO.class|INST_NEW|Up|1486731291||2194||4||201|0|0|||INST_NONE|
11:43:28|432|bin/corp/everis/pwc/raw/SCHEDULEOPTIONS.class|INST_NEW|Up|1486731291||1800||4||201|0|0|||INST_NONE|
11:43:29|428|bin/corp/everis/pwc/raw/SCHEDULER.class|INST_NEW|Up|1486731291||2423||4||201|0|0|||INST_NONE|
11:43:29|515|bin/corp/everis/pwc/raw/SEBLJOIN.class|INST_NEW|Up|1486731291||2258||4||201|0|0|||INST_NONE|
11:43:29|507|bin/corp/everis/pwc/raw/SEBLLINK.class|INST_NEW|Up|1486731291||3212||4||201|0|0|||INST_NONE|
11:43:29|567|bin/corp/everis/pwc/raw/SEBLMVLINK.class|INST_NEW|Up|1486731291||2211||4||201|0|0|||INST_NONE|
11:43:29|478|bin/corp/everis/pwc/raw/SEBLMVLINKREL.class|INST_NEW|Up|1486731291||1522||4||201|0|0|||INST_NONE|
11:43:29|543|bin/corp/everis/pwc/raw/SEBLSRCINFO.class|INST_NEW|Up|1486731292||1927||4||201|0|0|||INST_NONE|
11:43:30|614|bin/corp/everis/pwc/raw/SESSION.class|INST_NEW|Up|1486731292||6714||4||201|0|0|||INST_NONE|
11:43:30|641|bin/corp/everis/pwc/raw/SESSIONCOMPONENT.class|INST_NEW|Up|1486731292||3715||4||201|0|0|||INST_NONE|
11:43:30|1082|bin/corp/everis/pwc/raw/SESSIONEXTENSION.class|INST_NEW|Up|1486731292||4611||4||201|0|0|||INST_NONE|
11:43:30|1012|bin/corp/everis/pwc/raw/SESSTRANSFORMATIONGROUP.class|INST_NEW|Up|1486731292||1672||4||201|0|0|||INST_NONE|
11:43:30|946|bin/corp/everis/pwc/raw/SESSTRANSFORMATIONINST.class|INST_NEW|Up|1486731292||5979||4||201|0|0|||INST_NONE|
11:43:31|550|bin/corp/everis/pwc/raw/SHORTCUT.class|INST_NEW|Up|1486731292||4064||4||201|0|0|||INST_NONE|
11:43:31|505|bin/corp/everis/pwc/raw/SOURCE.class|INST_NEW|Up|1486731292||10314||4||201|0|0|||INST_NONE|
11:43:31|515|bin/corp/everis/pwc/raw/SOURCEFIELD.class|INST_NEW|Up|1486731292||12465||4||201|0|0|||INST_NONE|
11:43:32|426|bin/corp/everis/pwc/raw/STARTOPTIONS.class|INST_NEW|Up|1486731292||1282||4||201|0|0|||INST_NONE|
11:43:32|1198|bin/corp/everis/pwc/raw/TABLEATTRIBUTE.class|INST_NEW|Up|1486731292||2073||4||201|0|0|||INST_NONE|
11:43:32|1305|bin/corp/everis/pwc/raw/TARGET.class|INST_NEW|Up|1486731292||10019||4||201|0|0|||INST_NONE|
11:43:32|1055|bin/corp/everis/pwc/raw/TARGETFIELD.class|INST_NEW|Up|1486731292||6341||4||201|0|0|||INST_NONE|
11:43:33|449|bin/corp/everis/pwc/raw/TARGETINDEX.class|INST_NEW|Up|1486731292||1994||4||201|0|0|||INST_NONE|
11:43:33|529|bin/corp/everis/pwc/raw/TARGETINDEXFIELD.class|INST_NEW|Up|1486731292||1295||4||201|0|0|||INST_NONE|
11:43:33|459|bin/corp/everis/pwc/raw/TARGETLOADORDER.class|INST_NEW|Up|1486731292||1624||4||201|0|0|||INST_NONE|
11:43:33|476|bin/corp/everis/pwc/raw/TASK.class|INST_NEW|Up|1486731292||5675||4||201|0|0|||INST_NONE|
11:43:34|486|bin/corp/everis/pwc/raw/TASKINSTANCE.class|INST_NEW|Up|1486731292||8066||4||201|0|0|||INST_NONE|
11:43:34|501|bin/corp/everis/pwc/raw/TIMER.class|INST_NEW|Up|1486731292||1790||4||201|0|0|||INST_NONE|
11:43:34|482|bin/corp/everis/pwc/raw/TRANSFORMATION.class|INST_NEW|Up|1487064591||11935||4||201|0|0|||INST_NONE|
11:43:34|584|bin/corp/everis/pwc/raw/TRANSFORMFIELD.class|INST_NEW|Up|1487064833||10206||4||201|0|0|||INST_NONE|
11:43:34|512|bin/corp/everis/pwc/raw/TRANSFORMFIELDATTR.class|INST_NEW|Up|1486731292||1596||4||201|0|0|||INST_NONE|
11:43:35|452|bin/corp/everis/pwc/raw/TRANSFORMFIELDATTRDEF.class|INST_NEW|Up|1486731292||2247||4||201|0|0|||INST_NONE|
11:43:35|525|bin/corp/everis/pwc/raw/TRANSFORMRESOURCEREF.class|INST_NEW|Up|1486731292||2404||4||201|0|0|||INST_NONE|
11:43:35|545|bin/corp/everis/pwc/raw/VALUEPAIR.class|INST_NEW|Up|1486731292||2040||4||201|0|0|||INST_NONE|
11:43:35|600|bin/corp/everis/pwc/raw/WORKFLOW.class|INST_NEW|Up|1486731292||11131||4||201|0|0|||INST_NONE|
11:43:35|422|bin/corp/everis/pwc/raw/WORKFLOWEVENT.class|INST_NEW|Up|1486731292||1593||4||201|0|0|||INST_NONE|
11:43:35|423|bin/corp/everis/pwc/raw/WORKFLOWLINK.class|INST_NEW|Up|1486731292||2598||4||201|0|0|||INST_NONE|
11:43:36|413|bin/corp/everis/pwc/raw/WORKFLOWVARIABLE.class|INST_NEW|Up|1486731292||3118||4||201|0|0|||INST_NONE|
11:43:36|521|bin/corp/everis/pwc/raw/WORKLET.class|INST_NEW|Up|1486731292||5384||4||201|0|0|||INST_NONE|
11:43:36|530|bin/corp/everis/pwc/raw/XMLINFO.class|INST_NEW|Up|1486731292||1725||4||201|0|0|||INST_NONE|
11:43:36|519|bin/corp/everis/pwc/raw/XMLTEXT.class|INST_NEW|Up|1486731292||1545||4||201|0|0|||INST_NONE|
11:43:12|705|bin/file|INST_NEW|Up|1487240423||0||4||201|0|0|||INST_NONE|
11:43:13|672|bin/file/DummyForMOAM.xml|INST_NEW|Up|1477298436||23804||4||201|0|0|||INST_NONE|
11:43:13|731|bin/file/m_CSS55_AR_AGG_GWP.xml|INST_NEW|Up|1478523202||83537||4||201|0|0|||INST_NONE|
11:43:14|786|bin/file/m_CSS55_AR_BD_POLICY_CANCEL.XML|INST_NEW|Up|1479714869||69237||4||201|0|0|||INST_NONE|
11:43:14|903|bin/file/m_CSS55_DATE_UPDATE.XML|INST_NEW|Up|1479714872||150161||4||201|0|0|||INST_NONE|
11:43:14|574|bin/file/m_TZATZIKI_DEMO1.XML|INST_NEW|Up|1479714529||28689||4||201|0|0|||INST_NONE|
11:43:15|987|bin/file/order4.XML|INST_NEW|Up|1479714866||94725||4||201|0|0|||INST_NONE|
11:43:36|535|bin/file/powrmart.dtd|INST_NEW|Up|1477044158||28419||4||201|0|0|||INST_NONE|
11:43:36|336|bin/file/prepare|INST_NEW|Up|1487240423||0||4||201|0|0|||INST_NONE|
11:43:37|615|bin/file/prepare/AGG_AR.XML|INST_NEW|Up|1478540405||28297||4||201|0|0|||INST_NONE|
11:43:37|502|bin/file/prepare/AGG_GWP.XML|INST_NEW|Up|1478540433||21330||4||201|0|0|||INST_NONE|
11:43:37|437|bin/file/prepare/EXP_GWP.XML|INST_NEW|Up|1478540382||22320||4||201|0|0|||INST_NONE|
11:43:38|499|bin/file/prepare/EXP_NOT_NULL.XML|INST_NEW|Up|1478540280||37143||4||201|0|0|||INST_NONE|
11:43:38|701|bin/file/prepare/JNR_AR_GWP.XML|INST_NEW|Up|1478540353||36845||4||201|0|0|||INST_NONE|
11:43:38|533|bin/file/prepare/SRT_DISTINCT.XML|INST_NEW|Up|1478540279||32365||4||201|0|0|||INST_NONE|
11:43:38|447|bin/file/prepare/m_JNR_TBLA_GT_TBLB.XML|INST_NEW|Up|1481633260||15650||4||201|0|0|||INST_NONE|
11:43:38|617|bin/file/prepare/m_JNR_TBLA_TGT_TGT_TBLB.XML|INST_NEW|Up|1481558882||14748||4||201|0|0|||INST_NONE|
11:43:39|657|bin/file/prepare/m_JNR_TGT_${DBDWHV}.${V_MS_CLIENTES_NO_MIXTOS}_TGT_TGT_${DBDWHV}.${V_HC_MS_HIST_SEGMENTO_MERCADO}.XML|INST_NEW|Up|1481551041||30662||4||201|0|0|||INST_NONE|
11:43:39|568|bin/file/prepare/m_JNR_TGT_${DBDWHV}.${V_MS_CLIENTES_NO_MIXTOS}_T_${DBDWHV}.${V_HC_MS_HIST_SEGMENTO_MERCADO}).XML|INST_NEW|Up|1481555688||30283||4||201|0|0|||INST_NONE|
11:43:39|553|bin/file/prepare/m_JNR_TGT_TABLEA_TABLEB.XML|INST_NEW|Up|1481646444||21293||4||201|0|0|||INST_NONE|
11:43:39|564|bin/file/prepare/m_JNR_TGT_TBLA_GT_TBLB.XML|INST_NEW|Up|1481633407||15806||4||201|0|0|||INST_NONE|
11:43:39|551|bin/file/prepare/m_JNR_TGT_TBLA_TBLB.XML|INST_NEW|Up|1481646335||15719||4||201|0|0|||INST_NONE|
11:43:40|563|bin/file/prepare/m_JNR_TGT_TBLA_TGT_TBLB).XML|INST_NEW|Up|1481621555||14719||4||201|0|0|||INST_NONE|
11:43:40|683|bin/file/prepare/m_JNR_TGT_TBLA_TGT_TBLB.XML|INST_NEW|Up|1481646618||18403||4||201|0|0|||INST_NONE|
11:43:40|590|bin/file/prepare/m_JNR_TGT_TBLA_TGT_TGT_TBLB.XML|INST_NEW|Up|1481620031||16050||4||201|0|0|||INST_NONE|
11:43:40|543|bin/file/prepare/m_JNR_TGT_TBLA_TGT_TGT_TBLBTBLX.XML|INST_NEW|Up|1481647882||18839||4||201|0|0|||INST_NONE|
11:43:41|556|bin/file/prepare/m_JNR_TGT_TBLA_X1.XML|INST_NEW|Up|1481647015||16814||4||201|0|0|||INST_NONE|
11:43:41|624|bin/file/prepare/m_JNR_TGT_TBLB_TBLX.XML|INST_NEW|Up|1481702056||13193||4||201|0|0|||INST_NONE|
11:43:41|550|bin/file/prepare/m_JNR_TGT_TGT_TBLAGT_TBLB_TBLC.XML|INST_NEW|Up|1481633540||18587||4||201|0|0|||INST_NONE|
11:43:41|555|bin/file/prepare/m_JNR_TGT_TGT_TBLATBLB_TBLC.XML|INST_NEW|Up|1481646335||17377||4||201|0|0|||INST_NONE|
11:43:41|1337|bin/file/prepare/m_JNR_TGT_TGT_TBLATGT_TBLB)_TBLC.XML|INST_NEW|Up|1481621555||17520||4||201|0|0|||INST_NONE|
11:43:42|1406|bin/file/prepare/m_JNR_TGT_TGT_TBLATGT_TBLB_TBLC.XML|INST_NEW|Up|1481646619||21451||4||201|0|0|||INST_NONE|
11:43:42|1271|bin/file/prepare/m_JNR_TGT_TGT_TBLATGT_TGT_TBLBTBLX_TBLC.XML|INST_NEW|Up|1481647882||21987||4||201|0|0|||INST_NONE|
11:43:43|604|bin/file/prepare/m_JNR_TGT_TGT_TBLATGT_TGT_TBLB_TBLC.XML|INST_NEW|Up|1481620031||18910||4||201|0|0|||INST_NONE|
11:43:43|1345|bin/file/prepare/m_JNR_TGT_TGT_TBLAX1_TBLC.XML|INST_NEW|Up|1481647015||21049||4||201|0|0|||INST_NONE|
11:43:43|1667|bin/file/prepare/m_JNR_TGT_TGT_TGT_TBLAGT_TBLBTBLC_TBLD.XML|INST_NEW|Up|1481633579||11857||4||201|0|0|||INST_NONE|
11:43:43|1571|bin/file/prepare/m_JNR_TGT_TGT_TGT_TBLATGT_TBLB)TBLC_TBLD.XML|INST_NEW|Up|1481621556||19384||4||201|0|0|||INST_NONE|
11:43:44|655|bin/file/prepare/m_JNR_TGT_TGT_TGT_TBLATGT_TBLBTBLC)_TBLD.XML|INST_NEW|Up|1481625499||11916||4||201|0|0|||INST_NONE|
11:43:45|582|bin/file/prepare/m_JNR_TGT_TGT_TGT_TBLATGT_TBLBTBLC_TBLD.XML|INST_NEW|Up|1481646619||23429||4||201|0|0|||INST_NONE|
11:43:45|575|bin/file/prepare/m_JNR_TGT_TGT_TGT_TBLATGT_TGT_TBLBTBLC_TBLD.XML|INST_NEW|Up|1481620031||20862||4||201|0|0|||INST_NONE|
11:43:45|556|bin/file/prepare/m_JNR_TGT_TGT_TGT_TBLATGT_TGT_TBLBTBLXTBLC_TBLD.XML|INST_NEW|Up|1481647882||24045||4||201|0|0|||INST_NONE|
11:43:45|440|bin/file/prepare/m_JNR_TGT_TGT_TGT_TBLAX1TBLC_TBLD.XML|INST_NEW|Up|1481647015||22967||4||201|0|0|||INST_NONE|
11:43:45|523|bin/file/prepare/m_SelIns_${DBDWHV}.${V_HC_MS_HIST_SEGMENTO_MERCADO}.XML|INST_NEW|Up|1481557030||14240||4||201|0|0|||INST_NONE|
11:43:46|481|bin/file/prepare/m_SelIns_${DBDWHV}.${V_MS_CLIENTES_NO_MIXTOS}.XML|INST_NEW|Up|1481556367||9951||4||201|0|0|||INST_NONE|
11:43:46|434|bin/file/prepare/m_SelIns_TABLEA.XML|INST_NEW|Up|1481646444||13551||4||201|0|0|||INST_NONE|
11:43:46|533|bin/file/prepare/m_SelIns_TBLA.XML|INST_NEW|Up|1481647882||14307||4||201|0|0|||INST_NONE|
11:43:46|573|bin/file/prepare/m_SelIns_TBLB.XML|INST_NEW|Up|1481702056||11541||4||201|0|0|||INST_NONE|
11:43:46|420|bin/file/prepare/m_SelIns_TGT_${DBDWHV}.${V_HC_MS_HIST_SEGMENTO_MERCADO}).XML|INST_NEW|Up|1481557030||10273||4||201|0|0|||INST_NONE|
11:43:47|552|bin/file/prepare/m_SelIns_TGT_${DBDWHV}.${V_HC_MS_HIST_SEGMENTO_MERCADO}.XML|INST_NEW|Up|1481555236||10244||4||201|0|0|||INST_NONE|
11:43:47|572|bin/file/prepare/m_SelIns_TGT_TBLATGT_TGT_TBLB.XML|INST_NEW|Up|1481558882||13093||4||201|0|0|||INST_NONE|
11:43:47|611|bin/file/prepare/m_SelIns_TGT_TBLB).XML|INST_NEW|Up|1481620158||9171||4||201|0|0|||INST_NONE|
11:43:47|1111|bin/file/prepare/m_SelIns_TGT_TBLB.XML|INST_NEW|Up|1481620030||9142||4||201|0|0|||INST_NONE|
11:43:48|1349|bin/file/prepare/m_SelIns_TGT_TGT_${DBDWHV}.${V_MS_CLIENTES_NO_MIXTOS}TGT_TGT_${DBDWHV}.${V_HC_MS_HIST_SEGMENTO_MERCADO}.XML|INST_NEW|Up|1481551041||26395||4||201|0|0|||INST_NONE|
11:43:48|1492|bin/file/prepare/m_SelIns_TGT_TGT_${DBDWHV}.${V_MS_CLIENTES_NO_MIXTOS}T_${DBDWHV}.${V_HC_MS_HIST_SEGMENTO_MERCADO}).XML|INST_NEW|Up|1481555688||26030||4||201|0|0|||INST_NONE|
11:43:49|1577|bin/file/prepare/m_SelIns_TGT_TGT_TGT_TGT_TBLATGT_TGT_TBLBTBLCTBLD.XML|INST_NEW|Up|1481620031||17985||4||201|0|0|||INST_NONE|
11:43:49|1305|bin/file/prepare/testing.XML|INST_NEW|Up|1481547147||29418||4||201|0|0|||INST_NONE|
11:43:49|1067|bin/file/prepare/testing2.XML|INST_NEW|Up|1478795408||35234||4||201|0|0|||INST_NONE|
11:43:50|732|bin/file/prepare/wfs.zip|INST_NEW|Up|1481547602||16561||4||201|0|0|||INST_NONE|
11:43:37|939|bin/file/prepare.XML|INST_NEW|Up|1477555016||284550||4||201|0|0|||INST_NONE|
11:43:37|504|bin/file/reengineering.XML|INST_NEW|Up|1479382636||91||4||201|0|0|||INST_NONE|
11:43:50|998|bin/file/wf_CSS55_AR_ZNAHYRLOAD.XML|INST_NEW|Up|1477483894||354723||4||201|0|0|||INST_NONE|
11:43:12|847|bin/notinuse|INST_NEW|Up|1487240447||0||4||201|0|0|||INST_NONE|
11:43:50|830|bin/notinuse/SQLParser170131.class|INST_NEW|Up|1487240446||34317||4||201|0|0|||INST_NONE|
11:43:51|530|bin/notinuse/SQLParserBADBADBADNOTGOOD.class|INST_NEW|Up|1487240447||34421||4||201|0|0|||INST_NONE|
11:43:51|541|bin/notinuse/SQLParserBCK170127.class|INST_NEW|Up|1487240447||34175||4||201|0|0|||INST_NONE|
11:43:51|489|bin/notinuse/SQLParserBCK170209.class|INST_NEW|Up|1487240496||45465||4||201|0|0|||INST_NONE|
11:43:51|483|bin/notinuse/SQLParserNEW.class|INST_NEW|Up|1487240447||33466||4||201|0|0|||INST_NONE|
11:43:52|634|bin/notinuse/XMLParser.class|INST_NEW|Up|1487240447||52725||4||201|0|0|||INST_NONE|
11:43:11|885|demofiles|INST_NEW|Up|1486658916||0||4||201|0|0|||INST_NONE|
11:43:52|407|demofiles/DDL|INST_NEW|Up|1485329691||0||4||201|0|0|||INST_NONE|
11:43:52|669|demofiles/File|INST_NEW|Up|1485329665||0||4||201|0|0|||INST_NONE|
11:43:52|703|demofiles/XML|INST_NEW|Up|1486711927||0||4||201|0|0|||INST_NONE|
11:43:52|823|demofiles/XML.zip|INST_NEW|Up|1484658605||13929||4||201|0|0|||INST_NONE|
11:43:52|792|demofiles/fingersCrossed.XML|INST_NEW|Up|1484753614||184709||4||201|0|0|||INST_NONE|
11:43:52|762|demofiles/m_OSI_TEST - 2.XML|INST_NEW|Up|1484768298||94508||4||201|0|0|||INST_NONE|
11:43:53|516|demofiles/m_OSI_TEST.XML|INST_NEW|Up|1484655432||26551||4||201|0|0|||INST_NONE|
11:43:53|420|demofiles/m_TOTAL_MAPPING.XML|INST_NEW|Up|1486658910||9301||4||201|0|0|||INST_NONE|
11:43:53|621|demofiles/m_carga_fact_suscripciones.xml|INST_NEW|Up|1486723503||94307||4||201|0|0|||INST_NONE|
11:43:53|625|demofiles/m_osi_test.JPG|INST_NEW|Up|1484655432||26793||4||201|0|0|||INST_NONE|
11:43:54|972|demofiles/m_osi_test2.JPG|INST_NEW|Up|1484655432||132247||4||201|0|0|||INST_NONE|
11:43:54|478|demofiles/osi_test.XML|INST_NEW|Up|1484662700||55897||4||201|0|0|||INST_NONE|
11:43:54|572|demofiles/powrmart.dtd|INST_NEW|Up|1477044158||28419||4||201|0|0|||INST_NONE|
11:43:54|763|demofiles/wf_carga_facts_ecommerce.XML|INST_NEW|Up|1484764281||406566||4||201|0|0|||INST_NONE|
11:43:54|812|demofiles/wf_carga_facts_ecommerceORIGINAL.XML|INST_NEW|Up|1484763902||406566||4||201|0|0|||INST_NONE|
11:43:55|749|demofiles/wfdependenciesgeneratorv1.0.xlsm|INST_NEW|Up|1476376918||90790||4||201|0|0|||INST_NONE|
11:43:11|495|doc|INST_NEW|Up|1487075896||0||4||201|0|0|||INST_NONE|
11:43:55|462|doc/allclasses-frame.html|INST_NEW|Up|1487075896||816||4||201|0|0|||INST_NONE|
11:43:55|413|doc/allclasses-noframe.html|INST_NEW|Up|1487075896||776||4||201|0|0|||INST_NONE|
11:43:55|487|doc/constant-values.html|INST_NEW|Up|1487075896||3717||4||201|0|0|||INST_NONE|
11:43:55|510|doc/corp|INST_NEW|Up|1487075895||0||4||201|0|0|||INST_NONE|
11:43:56|588|doc/corp/everis|INST_NEW|Up|1487075895||0||4||201|0|0|||INST_NONE|
11:43:57|416|doc/corp/everis/pwc|INST_NEW|Up|1487075895||0||4||201|0|0|||INST_NONE|
11:43:57|313|doc/corp/everis/pwc/moam|INST_NEW|Up|1487075896||0||4||201|0|0|||INST_NONE|
11:43:58|628|doc/corp/everis/pwc/moam/MappingParser.html|INST_NEW|Up|1487075895||45798||4||201|0|0|||INST_NONE|
11:43:58|675|doc/corp/everis/pwc/moam/SQLParser.html|INST_NEW|Up|1487075895||37237||4||201|0|0|||INST_NONE|
11:43:58|561|doc/corp/everis/pwc/moam/class-use|INST_NEW|Up|1487075896||0||4||201|0|0|||INST_NONE|
11:43:59|547|doc/corp/everis/pwc/moam/class-use/MappingParser.html|INST_NEW|Up|1487075896||4431||4||201|0|0|||INST_NONE|
11:43:59|771|doc/corp/everis/pwc/moam/class-use/SQLParser.html|INST_NEW|Up|1487075896||4387||4||201|0|0|||INST_NONE|
11:43:58|766|doc/corp/everis/pwc/moam/package-frame.html|INST_NEW|Up|1487075896||949||4||201|0|0|||INST_NONE|
11:43:59|1646|doc/corp/everis/pwc/moam/package-summary.html|INST_NEW|Up|1487075896||4866||4||201|0|0|||INST_NONE|
11:43:59|492|doc/corp/everis/pwc/moam/package-tree.html|INST_NEW|Up|1487075896||4425||4||201|0|0|||INST_NONE|
11:44:00|671|doc/corp/everis/pwc/moam/package-use.html|INST_NEW|Up|1487075896||4792||4||201|0|0|||INST_NONE|
11:43:56|600|doc/deprecated-list.html|INST_NEW|Up|1487075896||3667||4||201|0|0|||INST_NONE|
11:43:56|473|doc/help-doc.html|INST_NEW|Up|1487075896||8753||4||201|0|0|||INST_NONE|
11:43:56|468|doc/index-files|INST_NEW|Up|1487075896||0||4||201|0|0|||INST_NONE|
11:43:57|458|doc/index-files/index-1.html|INST_NEW|Up|1487075896||5418||4||201|0|0|||INST_NONE|
11:43:57|445|doc/index-files/index-10.html|INST_NEW|Up|1487075896||6816||4||201|0|0|||INST_NONE|
11:43:57|488|doc/index-files/index-11.html|INST_NEW|Up|1487075896||5444||4||201|0|0|||INST_NONE|
11:43:57|525|doc/index-files/index-12.html|INST_NEW|Up|1487075896||5953||4||201|0|0|||INST_NONE|
11:43:58|519|doc/index-files/index-13.html|INST_NEW|Up|1487075896||5319||4||201|0|0|||INST_NONE|
11:43:58|624|doc/index-files/index-14.html|INST_NEW|Up|1487075896||5495||4||201|0|0|||INST_NONE|
11:44:00|619|doc/index-files/index-15.html|INST_NEW|Up|1487075896||7460||4||201|0|0|||INST_NONE|
11:44:00|548|doc/index-files/index-16.html|INST_NEW|Up|1487075896||6059||4||201|0|0|||INST_NONE|
11:44:01|894|doc/index-files/index-17.html|INST_NEW|Up|1487075896||5850||4||201|0|0|||INST_NONE|
11:44:01|599|doc/index-files/index-18.html|INST_NEW|Up|1487075896||5954||4||201|0|0|||INST_NONE|
11:44:01|605|doc/index-files/index-2.html|INST_NEW|Up|1487075896||8311||4||201|0|0|||INST_NONE|
11:44:01|554|doc/index-files/index-3.html|INST_NEW|Up|1487075896||13143||4||201|0|0|||INST_NONE|
11:44:01|827|doc/index-files/index-4.html|INST_NEW|Up|1487075896||5885||4||201|0|0|||INST_NONE|
11:44:02|601|doc/index-files/index-5.html|INST_NEW|Up|1487075896||5832||4||201|0|0|||INST_NONE|
11:44:02|523|doc/index-files/index-6.html|INST_NEW|Up|1487075896||8210||4||201|0|0|||INST_NONE|
11:44:02|466|doc/index-files/index-7.html|INST_NEW|Up|1487075896||5482||4||201|0|0|||INST_NONE|
11:44:02|489|doc/index-files/index-8.html|INST_NEW|Up|1487075896||5309||4||201|0|0|||INST_NONE|
11:44:03|552|doc/index-files/index-9.html|INST_NEW|Up|1487075896||5417||4||201|0|0|||INST_NONE|
11:43:56|576|doc/index.html|INST_NEW|Up|1487075896||2872||4||201|0|0|||INST_NONE|
11:43:56|672|doc/overview-tree.html|INST_NEW|Up|1487075896||4318||4||201|0|0|||INST_NONE|
11:43:56|700|doc/package-list|INST_NEW|Up|1487075895||22||4||201|0|0|||INST_NONE|
11:44:03|539|doc/script.js|INST_NEW|Up|1487075896||857||4||201|0|0|||INST_NONE|
11:44:03|607|doc/stylesheet.css|INST_NEW|Up|1487075896||13416||4||201|0|0|||INST_NONE|
11:43:12|1813|doc.zip|INST_NEW|Up|1483978534||3417425||4||201|0|0|||INST_NONE|
11:44:03|449|fastexport_fecha_carga_sas.fex|INST_NEW|Up|1484214858||1236||4||201|0|0|||INST_NONE|
11:44:03|451|fastexport_procesos_sas.fex|INST_NEW|Up|1484214913||361||4||201|0|0|||INST_NONE|
11:44:04|480|hs_err_pid10112.log|INST_NEW|Up|1479125559||13864||4||201|0|0|||INST_NONE|
11:44:04|510|hs_err_pid1408.log|INST_NEW|Up|1479301246||16824||4||201|0|0|||INST_NONE|
11:44:04|467|hs_err_pid3828.log|INST_NEW|Up|1479383636||14674||4||201|0|0|||INST_NONE|
11:44:04|418|hs_err_pid4840.log|INST_NEW|Up|1479306750||16599||4||201|0|0|||INST_NONE|
11:44:04|440|hs_err_pid6188.log|INST_NEW|Up|1479301026||16844||4||201|0|0|||INST_NONE|
11:44:04|438|hs_err_pid6416.log|INST_NEW|Up|1479301078||16857||4||201|0|0|||INST_NONE|
11:44:04|377|hs_err_pid7204.log|INST_NEW|Up|1479401283||13835||4||201|0|0|||INST_NONE|
11:44:05|471|hs_err_pid7700.log|INST_NEW|Up|1479301159||16835||4||201|0|0|||INST_NONE|
11:44:05|493|hs_err_pid8156.log|INST_NEW|Up|1479301166||16842||4||201|0|0|||INST_NONE|
11:44:05|428|hs_err_pid9260.log|INST_NEW|Up|1479140861||13847||4||201|0|0|||INST_NONE|
11:44:05|649|m_CSS55_DATE_UPDATE.XML|INST_NEW|Up|1479714872||150161||4||201|0|0|||INST_NONE|
11:44:05|1555|ownCloudUserManual.pdf|INST_NEW|Up|1435771911||1993042||4||201|0|0|||INST_NONE|
11:44:05|527|powrmart.dtd|INST_NEW|Up|1477044158||28419||4||201|0|0|||INST_NONE|
11:44:06|339|pruebas|INST_NEW|Up|1486373405||0||4||201|0|0|||INST_NONE|
11:44:06|1093|pruebas/Informe Caso de Pruebas v1.0.xlsx|INST_NEW|Up|1486370365||191063||4||201|0|0|||INST_NONE|
11:44:07|617|pruebas/Informe Caso de Pruebas v1.1.xlsx|INST_NEW|Up|1486373078||196607||4||201|0|0|||INST_NONE|
11:44:07|534|pruebas/PR.PU.P00.E01-Test_Case_Specification v1.1.xlsx|INST_NEW|Up|1486127259||181155||4||201|0|0|||INST_NONE|
11:44:08|345|pruebas/sourcefiles|INST_NEW|Up|1486127585||0||4||201|0|0|||INST_NONE|
11:44:08|510|pruebas/sourcefiles/fastexport_procesos_agr.fex|INST_NEW|Up|1486127585||361||4||201|0|0|||INST_NONE|
11:44:08|607|pruebas/sourcefiles/fastexport_procesos_alm_dm.fex|INST_NEW|Up|1486127585||367||4||201|0|0|||INST_NONE|
11:44:08|446|pruebas/sourcefiles/fastexport_procesos_captio.fex|INST_NEW|Up|1486127585||367||4||201|0|0|||INST_NONE|
11:44:09|453|pruebas/sourcefiles/fastexport_procesos_cd.fex|INST_NEW|Up|1486127585||360||4||201|0|0|||INST_NONE|
11:44:09|501|pruebas/sourcefiles/fastexport_procesos_comisiones.fex|INST_NEW|Up|1486127584||316||4||201|0|0|||INST_NONE|
11:44:09|438|pruebas/sourcefiles/fastexport_procesos_fase0.fex|INST_NEW|Up|1486127584||434||4||201|0|0|||INST_NONE|
11:44:09|858|pruebas/sourcefiles/fastexport_procesos_fase_compras.fex|INST_NEW|Up|1486127584||466||4||201|0|0|||INST_NONE|
11:44:10|876|pruebas/sourcefiles/fastexport_procesos_gde.fex|INST_NEW|Up|1486127584||271||4||201|0|0|||INST_NONE|
11:44:10|787|pruebas/sourcefiles/fastexport_procesos_gde_dblink.fex|INST_NEW|Up|1486127584||278||4||201|0|0|||INST_NONE|
11:44:10|418|pruebas/sourcefiles/fastexport_procesos_ls.fex|INST_NEW|Up|1486127585||359||4||201|0|0|||INST_NONE|
11:44:10|501|pruebas/sourcefiles/fastexport_procesos_motor.fex|INST_NEW|Up|1486127585||368||4||201|0|0|||INST_NONE|
11:44:11|529|pruebas/sourcefiles/fastexport_procesos_mstr.fex|INST_NEW|Up|1486127585||363||4||201|0|0|||INST_NONE|
11:44:11|439|pruebas/sourcefiles/fastexport_procesos_neo.fex|INST_NEW|Up|1486127585||361||4||201|0|0|||INST_NONE|
11:44:11|917|pruebas/sourcefiles/fastexport_procesos_ops.fex|INST_NEW|Up|1486127585||361||4||201|0|0|||INST_NONE|
11:44:11|815|pruebas/sourcefiles/fastexport_procesos_parque.fex|INST_NEW|Up|1486127585||367||4||201|0|0|||INST_NONE|
11:44:11|810|pruebas/sourcefiles/fastexport_procesos_portal_fob.fex|INST_NEW|Up|1486127585||375||4||201|0|0|||INST_NONE|
11:44:12|437|pruebas/sourcefiles/fastexport_procesos_sas.fex|INST_NEW|Up|1486127585||361||4||201|0|0|||INST_NONE|
11:44:12|520|pruebas/sourcefiles/fastexport_procesos_scm.fex|INST_NEW|Up|1486127585||269||4||201|0|0|||INST_NONE|
11:44:12|495|pruebas/sourcefiles/fastexport_procesos_scm_fifo_dm.fex|INST_NEW|Up|1486127585||374||4||201|0|0|||INST_NONE|
11:44:12|409|pruebas/sourcefiles/fastexport_procesos_scm_sdp_diaria_dm.fex|INST_NEW|Up|1486127585||367||4||201|0|0|||INST_NONE|
11:44:12|392|pruebas/sourcefiles/fastexport_procesos_scm_sdp_dm.fex|INST_NEW|Up|1486127585||353||4||201|0|0|||INST_NONE|
11:44:13|490|pruebas/sourcefiles/fastexport_procesos_scm_sgb_dm.fex|INST_NEW|Up|1486127585||353||4||201|0|0|||INST_NONE|
11:44:13|412|pruebas/sourcefiles/fastexport_procesos_td.fex|INST_NEW|Up|1486127585||784||4||201|0|0|||INST_NONE|
11:44:13|514|pruebas/sourcefiles/fastexport_procesos_td_fase_2_3_4.fex|INST_NEW|Up|1486127585||519||4||201|0|0|||INST_NONE|
11:44:13|417|pruebas/sourcefiles/fastexport_procesos_td_mlw.fex|INST_NEW|Up|1486127585||374||4||201|0|0|||INST_NONE|
11:44:13|473|pruebas/sourcefiles/fastexport_procesos_venta_envio.fex|INST_NEW|Up|1486127585||377||4||201|0|0|||INST_NONE|
11:44:13|449|pruebas/sourcefiles/fastexport_procesos_wcs.fex|INST_NEW|Up|1486127585||292||4||201|0|0|||INST_NONE|
11:44:06|3718|reengineering.XML|INST_NEW|Up|1477305943||1325892||4||201|0|0|||INST_NONE|
11:44:06|469|src|INST_NEW|Up|1487240421||0||4||201|0|0|||INST_NONE|
11:44:08|524|src/DDL|INST_NEW|Up|1481800952||0||4||201|0|0|||INST_NONE|
11:44:14|549|src/DDL/DDL_SRC_1_FIL_COCD_S_GL.sql|INST_NEW|Up|1481801037||544||4||201|0|0|||INST_NONE|
11:44:08|448|src/corp|INST_NEW|Up|1477293164||0||4||201|0|0|||INST_NONE|
11:44:14|485|src/corp/everis|INST_NEW|Up|1477293164||0||4||201|0|0|||INST_NONE|
11:44:14|467|src/corp/everis/pwc|INST_NEW|Up|1477293276||0||4||201|0|0|||INST_NONE|
11:44:15|569|src/corp/everis/pwc/moam|INST_NEW|Up|1487240443||0||4||201|0|0|||INST_NONE|
11:44:16|645|src/corp/everis/pwc/moam/Aggregator.java|INST_NEW|Up|1487240442||7714||4||201|0|0|||INST_NONE|
11:44:16|583|src/corp/everis/pwc/moam/Expression.java|INST_NEW|Up|1487240442||6947||4||201|0|0|||INST_NONE|
11:44:17|589|src/corp/everis/pwc/moam/Filter.java|INST_NEW|Up|1487240442||4141||4||201|0|0|||INST_NONE|
11:44:17|608|src/corp/everis/pwc/moam/ISentence.java|INST_NEW|Up|1478594075||96||4||201|0|0|||INST_NONE|
11:44:17|610|src/corp/everis/pwc/moam/Joiner.java|INST_NEW|Up|1487240442||7453||4||201|0|0|||INST_NONE|
11:44:17|498|src/corp/everis/pwc/moam/Lookup.java|INST_NEW|Up|1487240442||5235||4||201|0|0|||INST_NONE|
11:44:18|558|src/corp/everis/pwc/moam/Main.java|INST_NEW|Up|1479734183||1215||4||201|0|0|||INST_NONE|
11:44:18|701|src/corp/everis/pwc/moam/MappingParser.java|INST_NEW|Up|1487246143||74490||4||201|0|0|||INST_NONE|
11:44:18|712|src/corp/everis/pwc/moam/SQLParser.java|INST_NEW|Up|1487178317||80199||4||201|0|0|||INST_NONE|
11:44:18|796|src/corp/everis/pwc/moam/ShuntingYard.java|INST_NEW|Up|1487240442||37357||4||201|0|0|||INST_NONE|
11:44:18|595|src/corp/everis/pwc/moam/Sorter.java|INST_NEW|Up|1487240442||5065||4||201|0|0|||INST_NONE|
11:44:19|563|src/corp/everis/pwc/moam/SourceQualifier.java|INST_NEW|Up|1487240442||6742||4||201|0|0|||INST_NONE|
11:44:19|520|src/corp/everis/pwc/moam/SubQuery.java|INST_NEW|Up|1481615580||2772||4||201|0|0|||INST_NONE|
11:44:19|608|src/corp/everis/pwc/moam/TableField.java|INST_NEW|Up|1486646735||1973||4||201|0|0|||INST_NONE|
11:44:19|1057|src/corp/everis/pwc/moam/jaxb.properties|INST_NEW|Up|1477495460||78||4||201|0|0|||INST_NONE|
11:44:15|816|src/corp/everis/pwc/raw|INST_NEW|Up|1477293237||0||4||201|0|0|||INST_NONE|
11:44:19|1072|src/corp/everis/pwc/raw/ASSOCIATEDSOURCEINSTANCE.java|INST_NEW|Up|1480524447||1879||4||201|0|0|||INST_NONE|
11:44:20|928|src/corp/everis/pwc/raw/ATTRIBUTE.java|INST_NEW|Up|1480508980||3136||4||201|0|0|||INST_NONE|
11:44:20|480|src/corp/everis/pwc/raw/CONFIG.java|INST_NEW|Up|1477297471||4585||4||201|0|0|||INST_NONE|
11:44:21|572|src/corp/everis/pwc/raw/CONFIGREFERENCE.java|INST_NEW|Up|1480508028||3509||4||201|0|0|||INST_NONE|
11:44:21|526|src/corp/everis/pwc/raw/CONNECTIONREFERENCE.java|INST_NEW|Up|1477297471||7393||4||201|0|0|||INST_NONE|
11:44:21|475|src/corp/everis/pwc/raw/CONNECTOR.java|INST_NEW|Up|1484064402||6384||4||201|0|0|||INST_NONE|
11:44:21|1056|src/corp/everis/pwc/raw/CONWFRUNINFO.java|INST_NEW|Up|1477293237||2296||4||201|0|0|||INST_NONE|
11:44:21|1251|src/corp/everis/pwc/raw/CUSTOM.java|INST_NEW|Up|1477293238||2067||4||201|0|0|||INST_NONE|
11:44:21|1118|src/corp/everis/pwc/raw/DAILYFREQUENCY.java|INST_NEW|Up|1477293238||2831||4||201|0|0|||INST_NONE|
11:44:22|486|src/corp/everis/pwc/raw/ENDOPTIONS.java|INST_NEW|Up|1477293238||3480||4||201|0|0|||INST_NONE|
11:44:23|563|src/corp/everis/pwc/raw/ERPINFO.java|INST_NEW|Up|1480512078||6829||4||201|0|0|||INST_NONE|
11:44:23|750|src/corp/everis/pwc/raw/ERPSRCINFO.java|INST_NEW|Up|1477293238||1458||4||201|0|0|||INST_NONE|
11:44:23|670|src/corp/everis/pwc/raw/EXPRMACRO.java|INST_NEW|Up|1477297471||8234||4||201|0|0|||INST_NONE|
11:44:23|485|src/corp/everis/pwc/raw/EXPRMACRODEPENDENCY.java|INST_NEW|Up|1477293238||1566||4||201|0|0|||INST_NONE|
11:44:23|479|src/corp/everis/pwc/raw/FIELDATTRIBUTE.java|INST_NEW|Up|1484730359||2997||4||201|0|0|||INST_NONE|
11:44:23|517|src/corp/everis/pwc/raw/FIELDDEPENDENCY.java|INST_NEW|Up|1477293238||2264||4||201|0|0|||INST_NONE|
11:44:24|527|src/corp/everis/pwc/raw/FILTER.java|INST_NEW|Up|1480520966||3226||4||201|0|0|||INST_NONE|
11:44:24|577|src/corp/everis/pwc/raw/FLATFILE.java|INST_NEW|Up|1480523176||19695||4||201|0|0|||INST_NONE|
11:44:24|748|src/corp/everis/pwc/raw/FOLDER.java|INST_NEW|Up|1487062640||22243||4||201|0|0|||INST_NONE|
11:44:24|545|src/corp/everis/pwc/raw/FOLDERVERSION.java|INST_NEW|Up|1477297471||7857||4||201|0|0|||INST_NONE|
11:44:24|570|src/corp/everis/pwc/raw/GROUP.java|INST_NEW|Up|1484730985||5371||4||201|0|0|||INST_NONE|
11:44:25|480|src/corp/everis/pwc/raw/HASHKEY.java|INST_NEW|Up|1477293238||2135||4||201|0|0|||INST_NONE|
11:44:25|597|src/corp/everis/pwc/raw/INITPROP.java|INST_NEW|Up|1477293238||3436||4||201|0|0|||INST_NONE|
11:44:25|593|src/corp/everis/pwc/raw/INSTANCE.java|INST_NEW|Up|1487151641||14771||4||201|0|0|||INST_NONE|
11:44:25|1502|src/corp/everis/pwc/raw/KEYRANGE.java|INST_NEW|Up|1477293238||4060||4||201|0|0|||INST_NONE|
11:44:25|730|src/corp/everis/pwc/raw/KEYWORD.java|INST_NEW|Up|1477293238||1542||4||201|0|0|||INST_NONE|
11:44:26|640|src/corp/everis/pwc/raw/MACROARGUMENT.java|INST_NEW|Up|1477293238||4006||4||201|0|0|||INST_NONE|
11:44:26|446|src/corp/everis/pwc/raw/MACRODEPENDENCY.java|INST_NEW|Up|1477293238||1558||4||201|0|0|||INST_NONE|
11:44:26|1505|src/corp/everis/pwc/raw/MAPDEPENDENCY.java|INST_NEW|Up|1480521174||4270||4||201|0|0|||INST_NONE|
11:44:27|657|src/corp/everis/pwc/raw/MAPPING.java|INST_NEW|Up|1487064242||16385||4||201|0|0|||INST_NONE|
11:44:27|701|src/corp/everis/pwc/raw/MAPPINGVARIABLE.java|INST_NEW|Up|1480521314||8564||4||201|0|0|||INST_NONE|
11:44:27|662|src/corp/everis/pwc/raw/MAPPLET.java|INST_NEW|Up|1480521383||12057||4||201|0|0|||INST_NONE|
11:44:28|587|src/corp/everis/pwc/raw/METADATAEXTENSION.java|INST_NEW|Up|1484730437||12126||4||201|0|0|||INST_NONE|
11:44:28|612|src/corp/everis/pwc/raw/ObjectFactory.java|INST_NEW|Up|1480521813||17118||4||201|0|0|||INST_NONE|
11:44:28|655|src/corp/everis/pwc/raw/PARTITION.java|INST_NEW|Up|1480521571||3641||4||201|0|0|||INST_NONE|
11:44:28|739|src/corp/everis/pwc/raw/POWERMART.java|INST_NEW|Up|1487062397||4326||4||201|0|0|||INST_NONE|
11:44:28|495|src/corp/everis/pwc/raw/RECURRING.java|INST_NEW|Up|1477293238||2731||4||201|0|0|||INST_NONE|
11:44:29|472|src/corp/everis/pwc/raw/REPEAT.java|INST_NEW|Up|1477297471||3220||4||201|0|0|||INST_NONE|
11:44:29|540|src/corp/everis/pwc/raw/REPOSITORY.java|INST_NEW|Up|1487062396||7433||4||201|0|0|||INST_NONE|
11:44:29|488|src/corp/everis/pwc/raw/RESOURCEREFERENCE.java|INST_NEW|Up|1480521785||2493||4||201|0|0|||INST_NONE|
11:44:29|515|src/corp/everis/pwc/raw/SAPCODEBLOCK.java|INST_NEW|Up|1477293238||3476||4||201|0|0|||INST_NONE|
11:44:29|517|src/corp/everis/pwc/raw/SAPFUNCINSTANCEPARAM.java|INST_NEW|Up|1477297471||4722||4||201|0|0|||INST_NONE|
11:44:29|549|src/corp/everis/pwc/raw/SAPFUNCINSTANCEPARAMFLD.java|INST_NEW|Up|1477293238||2875||4||201|0|0|||INST_NONE|
11:44:30|606|src/corp/everis/pwc/raw/SAPFUNCPARAM.java|INST_NEW|Up|1477293238||7771||4||201|0|0|||INST_NONE|
11:44:30|648|src/corp/everis/pwc/raw/SAPFUNCTION.java|INST_NEW|Up|1477297471||4283||4||201|0|0|||INST_NONE|
11:44:30|833|src/corp/everis/pwc/raw/SAPFUNCTIONINSTANCE.java|INST_NEW|Up|1477297471||4604||4||201|0|0|||INST_NONE|
11:44:30|1288|src/corp/everis/pwc/raw/SAPOUTPUTPORT.java|INST_NEW|Up|1477293238||3461||4||201|0|0|||INST_NONE|
11:44:31|1119|src/corp/everis/pwc/raw/SAPPROGRAM.java|INST_NEW|Up|1477293238||5397||4||201|0|0|||INST_NONE|
11:44:31|796|src/corp/everis/pwc/raw/SAPPROGRAMFLOWOBJECT.java|INST_NEW|Up|1477293238||6964||4||201|0|0|||INST_NONE|
11:44:32|1029|src/corp/everis/pwc/raw/SAPSTRUCTURE.java|INST_NEW|Up|1477297471||2720||4||201|0|0|||INST_NONE|
11:44:32|1486|src/corp/everis/pwc/raw/SAPSTRUCTUREFIELD.java|INST_NEW|Up|1477293238||4007||4||201|0|0|||INST_NONE|
11:44:32|1545|src/corp/everis/pwc/raw/SAPTABLEINSTANCEPARAM.java|INST_NEW|Up|1477297471||4724||4||201|0|0|||INST_NONE|
11:44:33|704|src/corp/everis/pwc/raw/SAPTABLEPARAM.java|INST_NEW|Up|1477293238||4024||4||201|0|0|||INST_NONE|
11:44:33|508|src/corp/everis/pwc/raw/SAPVARIABLE.java|INST_NEW|Up|1477293238||6633||4||201|0|0|||INST_NONE|
11:44:33|541|src/corp/everis/pwc/raw/SCHEDULEINFO.java|INST_NEW|Up|1477293238||3600||4||201|0|0|||INST_NONE|
11:44:33|619|src/corp/everis/pwc/raw/SCHEDULEOPTIONS.java|INST_NEW|Up|1477293238||2841||4||201|0|0|||INST_NONE|
11:44:34|503|src/corp/everis/pwc/raw/SCHEDULER.java|INST_NEW|Up|1480505796||4478||4||201|0|0|||INST_NONE|
11:44:34|501|src/corp/everis/pwc/raw/SEBLJOIN.java|INST_NEW|Up|1477293238||4755||4||201|0|0|||INST_NONE|
11:44:34|469|src/corp/everis/pwc/raw/SEBLLINK.java|INST_NEW|Up|1477293238||7369||4||201|0|0|||INST_NONE|
11:44:34|509|src/corp/everis/pwc/raw/SEBLMVLINK.java|INST_NEW|Up|1477293238||4693||4||201|0|0|||INST_NONE|
11:44:34|466|src/corp/everis/pwc/raw/SEBLMVLINKREL.java|INST_NEW|Up|1477293238||2820||4||201|0|0|||INST_NONE|
11:44:35|467|src/corp/everis/pwc/raw/SEBLSRCINFO.java|INST_NEW|Up|1477297471||4681||4||201|0|0|||INST_NONE|
11:44:35|593|src/corp/everis/pwc/raw/SESSION.java|INST_NEW|Up|1480505590||16736||4||201|0|0|||INST_NONE|
11:44:35|663|src/corp/everis/pwc/raw/SESSIONCOMPONENT.java|INST_NEW|Up|1480521888||6884||4||201|0|0|||INST_NONE|
11:44:35|682|src/corp/everis/pwc/raw/SESSIONEXTENSION.java|INST_NEW|Up|1480521942||9570||4||201|0|0|||INST_NONE|
11:44:35|524|src/corp/everis/pwc/raw/SESSTRANSFORMATIONGROUP.java|INST_NEW|Up|1480521988||2667||4||201|0|0|||INST_NONE|
11:44:36|597|src/corp/everis/pwc/raw/SESSTRANSFORMATIONINST.java|INST_NEW|Up|1480522051||12796||4||201|0|0|||INST_NONE|
11:44:36|566|src/corp/everis/pwc/raw/SHORTCUT.java|INST_NEW|Up|1477293239||9458||4||201|0|0|||INST_NONE|
11:44:36|684|src/corp/everis/pwc/raw/SOURCE.java|INST_NEW|Up|1485950835||20184||4||201|0|0|||INST_NONE|
11:44:36|683|src/corp/everis/pwc/raw/SOURCEFIELD.java|INST_NEW|Up|1484731515||26498||4||201|0|0|||INST_NONE|
11:44:36|653|src/corp/everis/pwc/raw/STARTOPTIONS.java|INST_NEW|Up|1477293239||2200||4||201|0|0|||INST_NONE|
11:44:37|1275|src/corp/everis/pwc/raw/TABLEATTRIBUTE.java|INST_NEW|Up|1484730370||2964||4||201|0|0|||INST_NONE|
11:44:37|1321|src/corp/everis/pwc/raw/TARGET.java|INST_NEW|Up|1484731762||20465||4||201|0|0|||INST_NONE|
11:44:37|1556|src/corp/everis/pwc/raw/TARGETFIELD.java|INST_NEW|Up|1480522400||12986||4||201|0|0|||INST_NONE|
11:44:38|1527|src/corp/everis/pwc/raw/TARGETINDEX.java|INST_NEW|Up|1477297471||3963||4||201|0|0|||INST_NONE|
11:44:38|1255|src/corp/everis/pwc/raw/TARGETINDEXFIELD.java|INST_NEW|Up|1480522451||1816||4||201|0|0|||INST_NONE|
11:44:39|906|src/corp/everis/pwc/raw/TARGETLOADORDER.java|INST_NEW|Up|1480522484||2579||4||201|0|0|||INST_NONE|
11:44:40|556|src/corp/everis/pwc/raw/TASK.java|INST_NEW|Up|1480522554||11473||4||201|0|0|||INST_NONE|
11:44:40|733|src/corp/everis/pwc/raw/TASKINSTANCE.java|INST_NEW|Up|1480522611||18032||4||201|0|0|||INST_NONE|
11:44:40|548|src/corp/everis/pwc/raw/TIMER.java|INST_NEW|Up|1477293239||2881||4||201|0|0|||INST_NONE|
11:44:40|592|src/corp/everis/pwc/raw/TRANSFORMATION.java|INST_NEW|Up|1487064591||25460||4||201|0|0|||INST_NONE|
11:44:40|579|src/corp/everis/pwc/raw/TRANSFORMFIELD.java|INST_NEW|Up|1487064832||21759||4||201|0|0|||INST_NONE|
11:44:40|539|src/corp/everis/pwc/raw/TRANSFORMFIELDATTR.java|INST_NEW|Up|1480522856||2514||4||201|0|0|||INST_NONE|
11:44:41|493|src/corp/everis/pwc/raw/TRANSFORMFIELDATTRDEF.java|INST_NEW|Up|1477293239||4706||4||201|0|0|||INST_NONE|
11:44:41|483|src/corp/everis/pwc/raw/TRANSFORMRESOURCEREF.java|INST_NEW|Up|1480522914||4171||4||201|0|0|||INST_NONE|
11:44:41|513|src/corp/everis/pwc/raw/VALUEPAIR.java|INST_NEW|Up|1477293239||4153||4||201|0|0|||INST_NONE|
11:44:41|590|src/corp/everis/pwc/raw/WORKFLOW.java|INST_NEW|Up|1480522980||24930||4||201|0|0|||INST_NONE|
11:44:41|584|src/corp/everis/pwc/raw/WORKFLOWEVENT.java|INST_NEW|Up|1480523014||2530||4||201|0|0|||INST_NONE|
11:44:41|670|src/corp/everis/pwc/raw/WORKFLOWLINK.java|INST_NEW|Up|1480523059||4609||4||201|0|0|||INST_NONE|
11:44:42|517|src/corp/everis/pwc/raw/WORKFLOWVARIABLE.java|INST_NEW|Up|1480523095||6295||4||201|0|0|||INST_NONE|
11:44:42|567|src/corp/everis/pwc/raw/WORKLET.java|INST_NEW|Up|1477297471||14166||4||201|0|0|||INST_NONE|
11:44:42|511|src/corp/everis/pwc/raw/XMLINFO.java|INST_NEW|Up|1477297471||3204||4||201|0|0|||INST_NONE|
11:44:42|550|src/corp/everis/pwc/raw/XMLTEXT.java|INST_NEW|Up|1477293239||2835||4||201|0|0|||INST_NONE|
11:44:08|573|src/file|INST_NEW|Up|1479714944||0||4||201|0|0|||INST_NONE|
11:44:14|700|src/file/DummyForMOAM.xml|INST_NEW|Up|1477298436||23804||4||201|0|0|||INST_NONE|
11:44:14|821|src/file/m_CSS55_AR_AGG_GWP.xml|INST_NEW|Up|1478523202||83537||4||201|0|0|||INST_NONE|
11:44:14|736|src/file/m_CSS55_AR_BD_POLICY_CANCEL.XML|INST_NEW|Up|1479714869||69237||4||201|0|0|||INST_NONE|
11:44:15|1192|src/file/m_CSS55_DATE_UPDATE.XML|INST_NEW|Up|1479714872||150161||4||201|0|0|||INST_NONE|
11:44:15|474|src/file/m_TZATZIKI_DEMO1.XML|INST_NEW|Up|1479714529||28689||4||201|0|0|||INST_NONE|
11:44:15|585|src/file/order4.XML|INST_NEW|Up|1479714866||94725||4||201|0|0|||INST_NONE|
11:44:16|967|src/file/powrmart.dtd|INST_NEW|Up|1477044158||28419||4||201|0|0|||INST_NONE|
11:44:15|487|src/file/prepare|INST_NEW|Up|1481647141||0||4||201|0|0|||INST_NONE|
11:44:43|585|src/file/prepare/AGG_AR.XML|INST_NEW|Up|1478540405||28297||4||201|0|0|||INST_NONE|
11:44:43|636|src/file/prepare/AGG_GWP.XML|INST_NEW|Up|1478540433||21330||4||201|0|0|||INST_NONE|
11:44:43|666|src/file/prepare/EXP_GWP.XML|INST_NEW|Up|1478540382||22320||4||201|0|0|||INST_NONE|
11:44:43|679|src/file/prepare/EXP_NOT_NULL.XML|INST_NEW|Up|1478540280||37143||4||201|0|0|||INST_NONE|
11:44:43|683|src/file/prepare/JNR_AR_GWP.XML|INST_NEW|Up|1478540353||36845||4||201|0|0|||INST_NONE|
11:44:44|691|src/file/prepare/SRT_DISTINCT.XML|INST_NEW|Up|1478540279||32365||4||201|0|0|||INST_NONE|
11:44:44|593|src/file/prepare/m_JNR_TBLA_GT_TBLB.XML|INST_NEW|Up|1481633260||15650||4||201|0|0|||INST_NONE|
11:44:44|523|src/file/prepare/m_JNR_TBLA_TGT_TGT_TBLB.XML|INST_NEW|Up|1481558882||14748||4||201|0|0|||INST_NONE|
11:44:44|712|src/file/prepare/m_JNR_TGT_${DBDWHV}.${V_MS_CLIENTES_NO_MIXTOS}_TGT_TGT_${DBDWHV}.${V_HC_MS_HIST_SEGMENTO_MERCADO}.XML|INST_NEW|Up|1481551041||30662||4||201|0|0|||INST_NONE|
11:44:44|706|src/file/prepare/m_JNR_TGT_${DBDWHV}.${V_MS_CLIENTES_NO_MIXTOS}_T_${DBDWHV}.${V_HC_MS_HIST_SEGMENTO_MERCADO}).XML|INST_NEW|Up|1481555688||30283||4||201|0|0|||INST_NONE|
11:44:45|647|src/file/prepare/m_JNR_TGT_TABLEA_TABLEB.XML|INST_NEW|Up|1481646444||21293||4||201|0|0|||INST_NONE|
11:44:45|546|src/file/prepare/m_JNR_TGT_TBLA_GT_TBLB.XML|INST_NEW|Up|1481633407||15806||4||201|0|0|||INST_NONE|
11:44:45|561|src/file/prepare/m_JNR_TGT_TBLA_TBLB.XML|INST_NEW|Up|1481646335||15719||4||201|0|0|||INST_NONE|
11:44:45|636|src/file/prepare/m_JNR_TGT_TBLA_TGT_TBLB).XML|INST_NEW|Up|1481621555||14719||4||201|0|0|||INST_NONE|
11:44:46|500|src/file/prepare/m_JNR_TGT_TBLA_TGT_TBLB.XML|INST_NEW|Up|1481646618||18403||4||201|0|0|||INST_NONE|
11:44:46|588|src/file/prepare/m_JNR_TGT_TBLA_TGT_TGT_TBLB.XML|INST_NEW|Up|1481620031||16050||4||201|0|0|||INST_NONE|
11:44:46|508|src/file/prepare/m_JNR_TGT_TBLA_TGT_TGT_TBLBTBLX.XML|INST_NEW|Up|1481647882||18839||4||201|0|0|||INST_NONE|
11:44:46|613|src/file/prepare/m_JNR_TGT_TBLA_X1.XML|INST_NEW|Up|1481647015||16814||4||201|0|0|||INST_NONE|
11:44:46|532|src/file/prepare/m_JNR_TGT_TBLB_TBLX.XML|INST_NEW|Up|1481702056||13193||4||201|0|0|||INST_NONE|
11:44:46|487|src/file/prepare/m_JNR_TGT_TGT_TBLAGT_TBLB_TBLC.XML|INST_NEW|Up|1481633540||18587||4||201|0|0|||INST_NONE|
11:44:47|591|src/file/prepare/m_JNR_TGT_TGT_TBLATBLB_TBLC.XML|INST_NEW|Up|1481646335||17377||4||201|0|0|||INST_NONE|
11:44:47|640|src/file/prepare/m_JNR_TGT_TGT_TBLATGT_TBLB)_TBLC.XML|INST_NEW|Up|1481621555||17520||4||201|0|0|||INST_NONE|
11:44:47|764|src/file/prepare/m_JNR_TGT_TGT_TBLATGT_TBLB_TBLC.XML|INST_NEW|Up|1481646619||21451||4||201|0|0|||INST_NONE|
11:44:47|626|src/file/prepare/m_JNR_TGT_TGT_TBLATGT_TGT_TBLBTBLX_TBLC.XML|INST_NEW|Up|1481647882||21987||4||201|0|0|||INST_NONE|
11:44:48|601|src/file/prepare/m_JNR_TGT_TGT_TBLATGT_TGT_TBLB_TBLC.XML|INST_NEW|Up|1481620031||18910||4||201|0|0|||INST_NONE|
11:44:48|526|src/file/prepare/m_JNR_TGT_TGT_TBLAX1_TBLC.XML|INST_NEW|Up|1481647015||21049||4||201|0|0|||INST_NONE|
11:44:48|453|src/file/prepare/m_JNR_TGT_TGT_TGT_TBLAGT_TBLBTBLC_TBLD.XML|INST_NEW|Up|1481633579||11857||4||201|0|0|||INST_NONE|
11:44:48|524|src/file/prepare/m_JNR_TGT_TGT_TGT_TBLATGT_TBLB)TBLC_TBLD.XML|INST_NEW|Up|1481621556||19384||4||201|0|0|||INST_NONE|
11:44:48|622|src/file/prepare/m_JNR_TGT_TGT_TGT_TBLATGT_TBLBTBLC)_TBLD.XML|INST_NEW|Up|1481625499||11916||4||201|0|0|||INST_NONE|
11:44:48|509|src/file/prepare/m_JNR_TGT_TGT_TGT_TBLATGT_TBLBTBLC_TBLD.XML|INST_NEW|Up|1481646619||23429||4||201|0|0|||INST_NONE|
11:44:49|858|src/file/prepare/m_JNR_TGT_TGT_TGT_TBLATGT_TGT_TBLBTBLC_TBLD.XML|INST_NEW|Up|1481620031||20862||4||201|0|0|||INST_NONE|
11:44:49|775|src/file/prepare/m_JNR_TGT_TGT_TGT_TBLATGT_TGT_TBLBTBLXTBLC_TBLD.XML|INST_NEW|Up|1481647882||24045||4||201|0|0|||INST_NONE|
11:44:49|749|src/file/prepare/m_JNR_TGT_TGT_TGT_TBLAX1TBLC_TBLD.XML|INST_NEW|Up|1481647015||22967||4||201|0|0|||INST_NONE|
11:44:50|490|src/file/prepare/m_SelIns_${DBDWHV}.${V_HC_MS_HIST_SEGMENTO_MERCADO}.XML|INST_NEW|Up|1481557030||14240||4||201|0|0|||INST_NONE|
11:44:50|585|src/file/prepare/m_SelIns_${DBDWHV}.${V_MS_CLIENTES_NO_MIXTOS}.XML|INST_NEW|Up|1481556367||9951||4||201|0|0|||INST_NONE|
11:44:50|595|src/file/prepare/m_SelIns_TABLEA.XML|INST_NEW|Up|1481646444||13551||4||201|0|0|||INST_NONE|
11:44:50|794|src/file/prepare/m_SelIns_TBLA.XML|INST_NEW|Up|1481647882||14307||4||201|0|0|||INST_NONE|
11:44:50|739|src/file/prepare/m_SelIns_TBLB.XML|INST_NEW|Up|1481702056||11541||4||201|0|0|||INST_NONE|
11:44:50|690|src/file/prepare/m_SelIns_TGT_${DBDWHV}.${V_HC_MS_HIST_SEGMENTO_MERCADO}).XML|INST_NEW|Up|1481557030||10273||4||201|0|0|||INST_NONE|
11:44:51|485|src/file/prepare/m_SelIns_TGT_${DBDWHV}.${V_HC_MS_HIST_SEGMENTO_MERCADO}.XML|INST_NEW|Up|1481555236||10244||4||201|0|0|||INST_NONE|
11:44:51|613|src/file/prepare/m_SelIns_TGT_TBLATGT_TGT_TBLB.XML|INST_NEW|Up|1481558882||13093||4||201|0|0|||INST_NONE|
11:44:51|1589|src/file/prepare/m_SelIns_TGT_TBLB).XML|INST_NEW|Up|1481620158||9171||4||201|0|0|||INST_NONE|
11:44:51|498|src/file/prepare/m_SelIns_TGT_TBLB.XML|INST_NEW|Up|1481620030||9142||4||201|0|0|||INST_NONE|
11:44:52|601|src/file/prepare/m_SelIns_TGT_TGT_${DBDWHV}.${V_MS_CLIENTES_NO_MIXTOS}TGT_TGT_${DBDWHV}.${V_HC_MS_HIST_SEGMENTO_MERCADO}.XML|INST_NEW|Up|1481551041||26395||4||201|0|0|||INST_NONE|
11:44:52|612|src/file/prepare/m_SelIns_TGT_TGT_${DBDWHV}.${V_MS_CLIENTES_NO_MIXTOS}T_${DBDWHV}.${V_HC_MS_HIST_SEGMENTO_MERCADO}).XML|INST_NEW|Up|1481555688||26030||4||201|0|0|||INST_NONE|
11:44:52|591|src/file/prepare/m_SelIns_TGT_TGT_TGT_TGT_TBLATGT_TGT_TBLBTBLCTBLD.XML|INST_NEW|Up|1481620031||17985||4||201|0|0|||INST_NONE|
11:44:52|513|src/file/prepare/testing.XML|INST_NEW|Up|1481547147||29418||4||201|0|0|||INST_NONE|
11:44:53|608|src/file/prepare/testing2.XML|INST_NEW|Up|1478795408||35234||4||201|0|0|||INST_NONE|
11:44:53|601|src/file/prepare/wfs.zip|INST_NEW|Up|1481547602||16561||4||201|0|0|||INST_NONE|
11:44:16|1121|src/file/prepare.XML|INST_NEW|Up|1477555016||284550||4||201|0|0|||INST_NONE|
11:44:16|578|src/file/reengineering.XML|INST_NEW|Up|1479382636||91||4||201|0|0|||INST_NONE|
11:44:53|886|src/file/wf_CSS55_AR_ZNAHYRLOAD.XML|INST_NEW|Up|1477483894||354723||4||201|0|0|||INST_NONE|
11:44:53|382|src/notinuse|INST_NEW|Up|1487240443||0||4||201|0|0|||INST_NONE|
11:44:54|547|src/notinuse/SQLParser170131.java|INST_NEW|Up|1487240443||54162||4||201|0|0|||INST_NONE|
11:44:54|753|src/notinuse/SQLParserBADBADBADNOTGOOD.java|INST_NEW|Up|1487240443||52275||4||201|0|0|||INST_NONE|
11:44:54|408|src/notinuse/SQLParserBCK170127.java|INST_NEW|Up|1487240443||49838||4||201|0|0|||INST_NONE|
11:44:54|600|src/notinuse/SQLParserBCK170209.java|INST_NEW|Up|1487240495||76037||4||201|0|0|||INST_NONE|
11:44:55|617|src/notinuse/SQLParserNEW.java|INST_NEW|Up|1487240443||100665||4||201|0|0|||INST_NONE|
11:44:55|677|src/notinuse/XMLParser.java|INST_NEW|Up|1487240443||63607||4||201|0|0|||INST_NONE|
11:44:53|838|tyademoscreen.JPG|INST_NEW|Up|1479713931||17354||4||201|0|0|||INST_NONE|
11:44:54|945|wf_CSS55_AR_PREPARE.XML|INST_NEW|Up|1477555016||284550||4||201|0|0|||INST_NONE|
11:44:55|870|wf_IPC_CreatePRM.XML|INST_NEW|Up|1484312713||478352||4||201|0|0|||INST_NONE|
11:44:55|739|wf_TEST1.XML|INST_NEW|Up|1483443742||22862||4||201|0|0|||INST_NONE|
11:44:56|705|wf_TEST2.XML|INST_NEW|Up|1483443760||25969||4||201|0|0|||INST_NONE|
11:44:56|406|wf_TEST3.XML|INST_NEW|Up|1483443778||24528||4||201|0|0|||INST_NONE|
11:44:56|450|wf_TEST4.XML|INST_NEW|Up|1483443794||31177||4||201|0|0|||INST_NONE|
11:44:56|490|wut|INST_NEW|Up|1477493575||0||4||201|0|0|||INST_NONE|
#=#=#=# Syncrun started  until  (0 msec)
#=#=#=# Syncrun started  until  (0 msec)
#=#=#=# Syncrun started  until  (0 msec)
#=#=#=# Syncrun started  until  (0 msec)
#=#=#=# Syncrun started  until  (0 msec)
