#
# A fatal error has been detected by the Java Runtime Environment:
#
#  Internal Error (javaCalls.cpp:51), pid=7204, tid=0x000000000000165c
#  guarantee(thread->is_Java_thread()) failed: crucial check - the VM thread cannot and must not escape to Java code
#
# JRE version: Java(TM) SE Runtime Environment (8.0_101-b13) (build 1.8.0_101-b13)
# Java VM: Java HotSpot(TM) 64-Bit Server VM (25.101-b13 mixed mode windows-amd64 compressed oops)
# Failed to write core dump. Minidumps are not enabled by default on client versions of Windows
#
# If you would like to submit a bug report, please visit:
#   http://bugreport.java.com/bugreport/crash.jsp
#

---------------  T H R E A D  ---------------

Current thread (0x0000000054eeb000):  VMThread [stack: 0x0000000056100000,0x0000000056200000] [id=5724]

Stack: [0x0000000056100000,0x0000000056200000]
[error occurred during error reporting (printing stack bounds), id 0xc0000005]

Native frames: (J=compiled Java code, j=interpreted, Vv=VM code, C=native code)

VM_Operation (0x000000005755f290): GetOrSetLocal, mode: safepoint, requested by thread 0x0000000054f5f800


---------------  P R O C E S S  ---------------

Java Threads: ( => current thread )
  0x0000000056a34000 JavaThread "Service Thread" daemon [_thread_blocked, id=8360, stack(0x0000000057bd0000,0x0000000057cd0000)]
  0x00000000569b2000 JavaThread "C1 CompilerThread2" daemon [_thread_blocked, id=8956, stack(0x0000000057a60000,0x0000000057b60000)]
  0x00000000569e2000 JavaThread "C2 CompilerThread1" daemon [_thread_blocked, id=8796, stack(0x0000000057890000,0x0000000057990000)]
  0x00000000569c2000 JavaThread "C2 CompilerThread0" daemon [_thread_blocked, id=7216, stack(0x0000000057760000,0x0000000057860000)]
  0x00000000569a4000 JavaThread "JDWP Command Reader" daemon [_thread_in_native, id=3776, stack(0x0000000056d90000,0x0000000056e90000)]
  0x00000000569a0800 JavaThread "JDWP Event Helper Thread" daemon [_thread_blocked, id=9016, stack(0x0000000057660000,0x0000000057760000)]
  0x0000000054f5f800 JavaThread "JDWP Transport Listener: dt_socket" daemon [_thread_blocked, id=9168, stack(0x0000000057460000,0x0000000057560000)]
  0x0000000054f58800 JavaThread "Attach Listener" daemon [_thread_blocked, id=3780, stack(0x0000000056890000,0x0000000056990000)]
  0x0000000054f55000 JavaThread "Signal Dispatcher" daemon [_thread_blocked, id=7472, stack(0x0000000056690000,0x0000000056790000)]
  0x0000000054f39800 JavaThread "Finalizer" daemon [_thread_blocked, id=5980, stack(0x00000000564d0000,0x00000000565d0000)]
  0x0000000054ef2800 JavaThread "Reference Handler" daemon [_thread_blocked, id=9184, stack(0x0000000056320000,0x0000000056420000)]
  0x0000000002188800 JavaThread "main" [_thread_blocked, id=1372, stack(0x00000000024f0000,0x00000000025f0000)]

Other Threads:
=>0x0000000054eeb000 VMThread [stack: 0x0000000056100000,0x0000000056200000] [id=5724]
  0x0000000056a52800 WatcherThread [stack: 0x0000000057d80000,0x0000000057e80000] [id=660]

VM state:at safepoint (normal execution)

VM Mutex/Monitor currently owned by a thread:  ([mutex/lock_event])
[0x000000000214ddd0] Threads_lock - owner thread: 0x0000000054eeb000

Heap:
 PSYoungGen      total 18944K, used 1639K [0x00000000eb300000, 0x00000000ec800000, 0x0000000100000000)
  eden space 16384K, 10% used [0x00000000eb300000,0x00000000eb499ee8,0x00000000ec300000)
  from space 2560K, 0% used [0x00000000ec580000,0x00000000ec580000,0x00000000ec800000)
  to   space 2560K, 0% used [0x00000000ec300000,0x00000000ec300000,0x00000000ec580000)
 ParOldGen       total 44032K, used 0K [0x00000000c1800000, 0x00000000c4300000, 0x00000000eb300000)
  object space 44032K, 0% used [0x00000000c1800000,0x00000000c1800000,0x00000000c4300000)
 Metaspace       used 3155K, capacity 4550K, committed 4864K, reserved 1056768K
  class space    used 355K, capacity 386K, committed 512K, reserved 1048576K

Card table byte_map: [0x0000000011c80000,0x0000000011e80000] byte_map_base: 0x0000000011674000

Marking Bits: (ParMarkBitMap*) 0x000000006fd5a6d0
 Begin Bits: [0x0000000012420000, 0x00000000133c0000)
 End Bits:   [0x00000000133c0000, 0x0000000014360000)

Polling page: 0x0000000001d90000

CodeCache: size=245760Kb used=1151Kb max_used=1151Kb free=244608Kb
 bounds [0x00000000028c0000, 0x0000000002b30000, 0x00000000118c0000]
 total_blobs=280 nmethods=47 adapters=154
 compilation: enabled

Compilation events (10 events):
Event: 0.359 Thread 0x00000000569b2000   42       3       java.lang.String::startsWith (7 bytes)
Event: 0.359 Thread 0x00000000569b2000 nmethod 42 0x00000000029dcf50 code [0x00000000029dd0c0, 0x00000000029dd2e8]
Event: 0.360 Thread 0x00000000569b2000   43       3       java.util.concurrent.ConcurrentHashMap::tabAt (21 bytes)
Event: 0.360 Thread 0x00000000569b2000 nmethod 43 0x00000000029dd750 code [0x00000000029dd8a0, 0x00000000029ddad0]
Event: 0.361 Thread 0x00000000569b2000   45       3       java.io.BufferedInputStream::getBufIfOpen (21 bytes)
Event: 0.362 Thread 0x00000000569b2000 nmethod 45 0x00000000029ddb90 code [0x00000000029ddd00, 0x00000000029ddf68]
Event: 0.362 Thread 0x00000000569b2000   46  s    3       java.io.BufferedInputStream::read (49 bytes)
Event: 0.362 Thread 0x00000000569b2000 nmethod 46 0x00000000029de050 code [0x00000000029de200, 0x00000000029de778]
Event: 0.362 Thread 0x00000000569b2000   47       3       java.io.DataInputStream::readInt (72 bytes)
Event: 0.362 Thread 0x00000000569b2000 nmethod 47 0x00000000029de990 code [0x00000000029deb40, 0x00000000029df0a8]

GC Heap History (0 events):
No events

Deoptimization events (0 events):
No events

Internal exceptions (6 events):
Event: 0.051 Thread 0x0000000002188800 Exception <a 'java/lang/NoSuchMethodError': Method sun.misc.Unsafe.defineClass(Ljava/lang/String;[BII)Ljava/lang/Class; name or signature does not match> (0x00000000eb307cc0) thrown at [C:\re\workspace\8-2-build-windows-amd64-cygwin\jdk8u101\7261\hotspot\sA˜…Ô.^ª?
Event: 0.051 Thread 0x0000000002188800 Exception <a 'java/lang/NoSuchMethodError': Method sun.misc.Unsafe.prefetchRead(Ljava/lang/Object;J)V name or signature does not match> (0x00000000eb307fa8) thrown at [C:\re\workspace\8-2-build-windows-amd64-cygwin\jdk8u101\7261\hotspot\src\share\vm\prims\ÍRþHj¿Ö?
Event: 0.355 Thread 0x0000000002188800 Exception <a 'java/security/PrivilegedActionException'> (0x00000000eb396d58) thrown at [C:\re\workspace\8-2-build-windows-amd64-cygwin\jdk8u101\7261\hotspot\src\share\vm\prims\jvm.cpp, line 1386]
Event: 0.355 Thread 0x0000000002188800 Exception <a 'java/security/PrivilegedActionException'> (0x00000000eb396f68) thrown at [C:\re\workspace\8-2-build-windows-amd64-cygwin\jdk8u101\7261\hotspot\src\share\vm\prims\jvm.cpp, line 1386]
Event: 0.356 Thread 0x0000000002188800 Exception <a 'java/security/PrivilegedActionException'> (0x00000000eb39ad98) thrown at [C:\re\workspace\8-2-build-windows-amd64-cygwin\jdk8u101\7261\hotspot\src\share\vm\prims\jvm.cpp, line 1386]
Event: 0.356 Thread 0x0000000002188800 Exception <a 'java/security/PrivilegedActionException'> (0x00000000eb39afa8) thrown at [C:\re\workspace\8-2-build-windows-amd64-cygwin\jdk8u101\7261\hotspot\src\share\vm\prims\jvm.cpp, line 1386]

Events (10 events):
Event: 13.592 Executing VM operation: ChangeBreakpoints done
Event: 13.594 Executing VM operation: EnterInterpOnlyMode
Event: 13.594 Executing VM operation: EnterInterpOnlyMode done
Event: 13.594 Executing VM operation: GetCurrentLocation
Event: 13.594 Executing VM operation: GetCurrentLocation done
Event: 13.594 Executing VM operation: ChangeSingleStep
Event: 13.594 Executing VM operation: ChangeSingleStep done
Event: 13.594 Executing VM operation: ChangeSingleStep
Event: 13.594 Executing VM operation: ChangeSingleStep done
Event: 13.689 Executing VM operation: GetOrSetLocal


Dynamic libraries:
0x000000013fa30000 - 0x000000013fa67000 	C:\Program Files\Java\jre1.8.0_101\bin\javaw.exe
0x00000000778b0000 - 0x0000000077a59000 	C:\windows\SYSTEM32\ntdll.dll
0x0000000077790000 - 0x00000000778b0000 	C:\windows\system32\kernel32.dll
0x000007fefe070000 - 0x000007fefe0dc000 	C:\windows\system32\KERNELBASE.dll
0x000007fefe5e0000 - 0x000007fefe6bb000 	C:\windows\system32\ADVAPI32.dll
0x000007fefe960000 - 0x000007fefe9ff000 	C:\windows\system32\msvcrt.dll
0x000007fefe760000 - 0x000007fefe77f000 	C:\windows\SYSTEM32\sechost.dll
0x000007fefe290000 - 0x000007fefe3bd000 	C:\windows\system32\RPCRT4.dll
0x0000000077690000 - 0x000000007778a000 	C:\windows\system32\USER32.dll
0x000007fefe3c0000 - 0x000007fefe427000 	C:\windows\system32\GDI32.dll
0x000007fefec60000 - 0x000007fefec6e000 	C:\windows\system32\LPK.dll
0x000007fefe1c0000 - 0x000007fefe289000 	C:\windows\system32\USP10.dll
0x000007fefc670000 - 0x000007fefc864000 	C:\windows\WinSxS\amd64_microsoft.windows.common-controls_6595b64144ccf1df_6.0.7601.18837_none_fa3b1e3d17594757\COMCTL32.dll
0x000007feffb40000 - 0x000007feffbb1000 	C:\windows\system32\SHLWAPI.dll
0x000007fefe0e0000 - 0x000007fefe10e000 	C:\windows\system32\IMM32.DLL
0x000007fefe4d0000 - 0x000007fefe5d9000 	C:\windows\system32\MSCTF.dll
0x000007fee78c0000 - 0x000007fee796c000 	C:\Program Files\McAfee\Endpoint Security\Threat Prevention\Ips\EpMPApi.dll
0x000007fefe030000 - 0x000007fefe06b000 	C:\windows\system32\WINTRUST.dll
0x000007fefddc0000 - 0x000007fefdf2d000 	C:\windows\system32\CRYPT32.dll
0x000007fefddb0000 - 0x000007fefddbf000 	C:\windows\system32\MSASN1.dll
0x0000000073d50000 - 0x0000000073d5b000 	C:\Program Files\McAfee\Endpoint Security\Threat Prevention\Ips\EpMPThe.dll
0x000000005b8b0000 - 0x000000005b982000 	C:\Program Files\Java\jre1.8.0_101\bin\msvcr100.dll
0x000000006f540000 - 0x000000006fdda000 	C:\Program Files\Java\jre1.8.0_101\bin\server\jvm.dll
0x000007fee60f0000 - 0x000007fee60f9000 	C:\windows\system32\WSOCK32.dll
0x000007fefea00000 - 0x000007fefea4d000 	C:\windows\system32\WS2_32.dll
0x000007fefe130000 - 0x000007fefe138000 	C:\windows\system32\NSI.dll
0x000007fefb850000 - 0x000007fefb88b000 	C:\windows\system32\WINMM.dll
0x000007fefcf40000 - 0x000007fefcf4c000 	C:\windows\system32\VERSION.dll
0x0000000077a80000 - 0x0000000077a87000 	C:\windows\system32\PSAPI.DLL
0x00000000570f0000 - 0x00000000570ff000 	C:\Program Files\Java\jre1.8.0_101\bin\verify.dll
0x0000000057080000 - 0x00000000570a9000 	C:\Program Files\Java\jre1.8.0_101\bin\java.dll
0x000000006c530000 - 0x000000006c565000 	C:\Program Files\Java\jre1.8.0_101\bin\jdwp.dll
0x000000006e970000 - 0x000000006e978000 	C:\Program Files\Java\jre1.8.0_101\bin\npt.dll
0x00000000570c0000 - 0x00000000570d6000 	C:\Program Files\Java\jre1.8.0_101\bin\zip.dll
0x000007fefedb0000 - 0x000007feffb39000 	C:\windows\system32\SHELL32.dll
0x000007fefea50000 - 0x000007fefec53000 	C:\windows\system32\ole32.dll
0x000007fefdd10000 - 0x000007fefdd1f000 	C:\windows\system32\profapi.dll
0x0000000073a80000 - 0x0000000073a89000 	C:\Program Files\Java\jre1.8.0_101\bin\dt_socket.dll
0x000007fefba90000 - 0x000007fefbaa5000 	C:\windows\system32\NLAapi.dll
0x000007fefa500000 - 0x000007fefa515000 	C:\windows\system32\napinsp.dll
0x000007fefa520000 - 0x000007fefa539000 	C:\windows\system32\pnrpnsp.dll
0x000007fefd520000 - 0x000007fefd575000 	C:\windows\System32\mswsock.dll
0x000007fefd3b0000 - 0x000007fefd40b000 	C:\windows\system32\DNSAPI.dll
0x000007fefa4f0000 - 0x000007fefa4fb000 	C:\windows\System32\winrnr.dll
0x000007fefa4e0000 - 0x000007fefa4f0000 	C:\windows\system32\wshbth.dll
0x000007fefb590000 - 0x000007fefb5b7000 	C:\windows\system32\IPHLPAPI.DLL
0x000007fefb550000 - 0x000007fefb55b000 	C:\windows\system32\WINNSI.DLL
0x000007fefb470000 - 0x000007fefb4c3000 	C:\windows\System32\fwpuclnt.dll
0x000007fefa570000 - 0x000007fefa578000 	C:\windows\system32\rasadhlp.dll
0x000007fefcb40000 - 0x000007fefcb47000 	C:\windows\System32\wshtcpip.dll

VM Arguments:
jvm_args: -agentlib:jdwp=transport=dt_socket,suspend=y,address=localhost:63553 -Duser.language=en -Duser.country=UK -Dfile.encoding=Cp1252 
java_command: corp.everis.pwc.moam.ShuntingYard
java_class_path (initial): C:\Users\ydelvaul\ownCloud\bin;C:\Program Files\Java\jaxb-ri\lib\jaxb-api.jar;C:\Program Files\Java\jaxb-ri\lib\jaxb-core.jar;C:\Program Files\Java\jaxb-ri\lib\jaxb-impl.jar;C:\Program Files\Java\jaxb-ri\lib\jaxb-xjc.jar;C:\Program Files\Java\jaxb-ri\lib\jaxb-jxc.jar;C:\Users\ydelvaul\Downloads\commons-lang3-3.5-bin\commons-lang3-3.5\commons-lang3-3.5.jar
Launcher Type: SUN_STANDARD

Environment Variables:
PATH=C:/Program Files/Java/jre1.8.0_101/bin/server;C:/Program Files/Java/jre1.8.0_101/bin;C:/Program Files/Java/jre1.8.0_101/lib/amd64;C:\ProgramData\Oracle\Java\javapath;C:\app\mescudel\product\11.1.0\db_1\bin;C:\windows\system32;C:\windows;C:\windows\System32\Wbem;C:\windows\System32\WindowsPowerShell\v1.0\;C:\Program Files (x86)\Microsoft Application Virtualization Client;C:\Program Files (x86)\RSA Security\RSA SecurID Software Token\;C:\Program Files\Microsoft SQL Server\130\Tools\Binn\;C:\Program Files\Git\cmd;C:\Eclipse;
USERNAME=ydelvaul
OS=Windows_NT
PROCESSOR_IDENTIFIER=Intel64 Family 6 Model 42 Stepping 7, GenuineIntel



---------------  S Y S T E M  ---------------

OS: Windows 7 , 64 bit Build 7601 (6.1.7601.19018)

CPU:total 4 (2 cores per cpu, 2 threads per core) family 6 model 42 stepping 7, cmov, cx8, fxsr, mmx, sse, sse2, sse3, ssse3, sse4.1, sse4.2, popcnt, avx, clmul, ht, tsc, tscinvbit

Memory: 4k page, physical 4088892k(559432k free), swap 8175948k(3311508k free)

vm_info: Java HotSpot(TM) 64-Bit Server VM (25.101-b13) for windows-amd64 JRE (1.8.0_101-b13), built on Jun 22 2016 01:21:29 by "java_re" with MS VC++ 10.0 (VS2010)

time: Thu Nov 17 17:48:03 2016
elapsed time: 13 seconds (0d 0h 0m 13s)

