#
# A fatal error has been detected by the Java Runtime Environment:
#
#  EXCEPTION_ACCESS_VIOLATION (0xc0000005) at pc=0x000000006f6363cf, pid=7700, tid=0x000000000000156c
#
# JRE version: Java(TM) SE Runtime Environment (8.0_101-b13) (build 1.8.0_101-b13)
# Java VM: Java HotSpot(TM) 64-Bit Server VM (25.101-b13 mixed mode windows-amd64 compressed oops)
# Problematic frame:
# V  [jvm.dll+0xf63cf]
#
# Failed to write core dump. Minidumps are not enabled by default on client versions of Windows
#
# If you would like to submit a bug report, please visit:
#   http://bugreport.java.com/bugreport/crash.jsp
#

---------------  T H R E A D  ---------------

Current thread (0x000000005512e800):  VMThread [stack: 0x0000000056090000,0x0000000056190000] [id=5484]

siginfo: ExceptionCode=0xc0000005, reading address 0x0000000054d400b8

Registers:
RAX=0x0000000000194380, RBX=0x0000000000000000, RCX=0x0000000054babd28, RDX=0x000000000000ca1c
RSP=0x000000005618eed8, RBP=0x000000005618f450, RSI=0x000000005618f5e0, RDI=0x000000005618f5e0
R8 =0x0000000000000000, R9 =0x0000000054baacf0, R10=0x0000000000000007, R11=0x0000000054baa77a
R12=0x0000000056d6ed20, R13=0x000000005618f410, R14=0x00000000000003d8, R15=0x000000005618f400
RIP=0x000000006f6363cf, EFLAGS=0x0000000000010202

Top of Stack: (sp=0x000000005618eed8)
0x000000005618eed8:   000000006f63dec0 00000000eb37b450
0x000000005618eee8:   0000000000000000 00000000eb37b1e0
0x000000005618eef8:   00000000eb37add8 00000000eb37ad28
0x000000005618ef08:   00000000eb37ac98 000000006fb42418
0x000000005618ef18:   0000000002305650 0000000000000002
0x000000005618ef28:   000000000000000c 000000005618ef50
0x000000005618ef38:   0000000000000001 000000004600039c
0x000000005618ef48:   00000000eb37a1a8 2fffffff4fffffff
0x000000005618ef58:   000000004fffffff 00000000eb379f98
0x000000005618ef68:   00000000eb379f08 00000000eb379e78
0x000000005618ef78:   00000000eb379dd0 00000000eb379d58
0x000000005618ef88:   00000000eb379ce0 00000000eb379c40
0x000000005618ef98:   00000000eb379bd8 00000000eb379b60
0x000000005618efa8:   00000000eb379908 00000000eb379870
0x000000005618efb8:   00000000eb3797f8 00000000eb3797f8
0x000000005618efc8:   00000000eb379600 00000000eb3794c0 

Instructions: (pc=0x000000006f6363cf)
0x000000006f6363af:   74 3e 85 d2 79 13 f7 d2 48 63 c2 48 c1 e0 05 48
0x000000006f6363bf:   8b 44 08 10 0f b7 c0 eb 12 48 63 c2 48 c1 e0 05
0x000000006f6363cf:   48 8b 44 08 10 0f b7 d0 48 63 c2 41 0f b7 4c c1
0x000000006f6363df:   52 48 63 c1 41 0f b7 44 c1 52 49 8b 44 c1 50 c3 


Register to memory mapping:

RAX=0x0000000000194380 is an unknown value
RBX=0x0000000000000000 is an unknown value
RCX=0x0000000054babd28 is pointing into metadata
RDX=0x000000000000ca1c is an unknown value
RSP=0x000000005618eed8 is an unknown value
RBP=0x000000005618f450 is an unknown value
RSI=0x000000005618f5e0 is an unknown value
RDI=0x000000005618f5e0 is an unknown value
R8 =0x0000000000000000 is an unknown value
R9 =0x0000000054baacf0 is pointing into metadata
R10=0x0000000000000007 is an unknown value
R11=0x0000000054baa77a is pointing into metadata
R12=0x0000000056d6ed20 is an unknown value
R13=0x000000005618f410 is an unknown value
R14=0x00000000000003d8 is an unknown value
R15=0x000000005618f400 is an unknown value


Stack: [0x0000000056090000,0x0000000056190000],  sp=0x000000005618eed8,  free space=1019k
Native frames: (J=compiled Java code, j=interpreted, Vv=VM code, C=native code)
V  [jvm.dll+0xf63cf]

VM_Operation (0x000000005701f2d0): GetOrSetLocal, mode: safepoint, requested by thread 0x0000000056992800


---------------  P R O C E S S  ---------------

Java Threads: ( => current thread )
  0x0000000056a34800 JavaThread "Service Thread" daemon [_thread_blocked, id=4144, stack(0x0000000057a40000,0x0000000057b40000)]
  0x0000000056a0b000 JavaThread "C1 CompilerThread2" daemon [_thread_blocked, id=7340, stack(0x00000000578d0000,0x00000000579d0000)]
  0x00000000569b1800 JavaThread "C2 CompilerThread1" daemon [_thread_blocked, id=6568, stack(0x0000000057130000,0x0000000057230000)]
  0x00000000569ad800 JavaThread "C2 CompilerThread0" daemon [_thread_blocked, id=7920, stack(0x00000000577c0000,0x00000000578c0000)]
  0x00000000569a2000 JavaThread "JDWP Command Reader" daemon [_thread_in_native, id=6312, stack(0x0000000057640000,0x0000000057740000)]
  0x000000005699f000 JavaThread "JDWP Event Helper Thread" daemon [_thread_blocked, id=5792, stack(0x0000000057370000,0x0000000057470000)]
  0x0000000056992800 JavaThread "JDWP Transport Listener: dt_socket" daemon [_thread_blocked, id=2460, stack(0x0000000056f20000,0x0000000057020000)]
  0x000000005519b000 JavaThread "Attach Listener" daemon [_thread_blocked, id=1408, stack(0x0000000056890000,0x0000000056990000)]
  0x0000000055198000 JavaThread "Signal Dispatcher" daemon [_thread_blocked, id=5976, stack(0x0000000056690000,0x0000000056790000)]
  0x000000005517d000 JavaThread "Finalizer" daemon [_thread_blocked, id=2776, stack(0x00000000564a0000,0x00000000565a0000)]
  0x0000000055136000 JavaThread "Reference Handler" daemon [_thread_blocked, id=988, stack(0x00000000562a0000,0x00000000563a0000)]
  0x00000000022b8800 JavaThread "main" [_thread_blocked, id=7220, stack(0x0000000002470000,0x0000000002570000)]

Other Threads:
=>0x000000005512e800 VMThread [stack: 0x0000000056090000,0x0000000056190000] [id=5484]
  0x0000000056a3f000 WatcherThread [stack: 0x0000000057b60000,0x0000000057c60000] [id=7488]

VM state:at safepoint (normal execution)

VM Mutex/Monitor currently owned by a thread:  ([mutex/lock_event])
[0x000000000227ddd0] Threads_lock - owner thread: 0x000000005512e800

Heap:
 PSYoungGen      total 18944K, used 1638K [0x00000000eb300000, 0x00000000ec800000, 0x0000000100000000)
  eden space 16384K, 10% used [0x00000000eb300000,0x00000000eb499b58,0x00000000ec300000)
  from space 2560K, 0% used [0x00000000ec580000,0x00000000ec580000,0x00000000ec800000)
  to   space 2560K, 0% used [0x00000000ec300000,0x00000000ec300000,0x00000000ec580000)
 ParOldGen       total 44032K, used 0K [0x00000000c1800000, 0x00000000c4300000, 0x00000000eb300000)
  object space 44032K, 0% used [0x00000000c1800000,0x00000000c1800000,0x00000000c4300000)
 Metaspace       used 3236K, capacity 4550K, committed 4864K, reserved 1056768K
  class space    used 359K, capacity 386K, committed 512K, reserved 1048576K

Card table byte_map: [0x0000000011c00000,0x0000000011e00000] byte_map_base: 0x00000000115f4000

Marking Bits: (ParMarkBitMap*) 0x000000006fd5a6d0
 Begin Bits: [0x0000000012660000, 0x0000000013600000)
 End Bits:   [0x0000000013600000, 0x00000000145a0000)

Polling page: 0x0000000000250000

CodeCache: size=245760Kb used=1454Kb max_used=1472Kb free=244305Kb
 bounds [0x0000000002840000, 0x0000000002ab0000, 0x0000000011840000]
 total_blobs=365 nmethods=131 adapters=155
 compilation: enabled

Compilation events (10 events):
Event: 0.420 Thread 0x0000000056a0b000  130       3       java.lang.AbstractStringBuilder::expandCapacity (50 bytes)
Event: 0.420 Thread 0x0000000056a0b000 nmethod 130 0x00000000029980d0 code [0x0000000002998280, 0x00000000029987f8]
Event: 0.420 Thread 0x0000000056a0b000  131       1       java.nio.Buffer::limit (5 bytes)
Event: 0.421 Thread 0x0000000056a0b000 nmethod 131 0x0000000002997e10 code [0x0000000002997f60, 0x0000000002998070]
Event: 0.428 Thread 0x00000000569b1800 nmethod 112 0x00000000029a8ed0 code [0x00000000029a9140, 0x00000000029ab300]
Event: 0.428 Thread 0x00000000569b1800  128       4       java.lang.String::equals (81 bytes)
Event: 0.432 Thread 0x00000000569b1800 nmethod 128 0x0000000002997850 code [0x00000000029979a0, 0x0000000002997c38]
Event: 0.432 Thread 0x00000000569b1800  126       4       java.util.ArrayList::add (29 bytes)
Event: 0.438 Thread 0x00000000569b1800 nmethod 126 0x00000000029a5510 code [0x00000000029a5660, 0x00000000029a5ac8]
Event: 0.446 Thread 0x00000000569ad800 nmethod 113 0x00000000029b0950 code [0x00000000029b0ba0, 0x00000000029b2570]

GC Heap History (0 events):
No events

Deoptimization events (2 events):
Event: 0.383 Thread 0x00000000022b8800 Uncommon trap: reason=unstable_if action=reinterpret pc=0x000000000297ca80 method=java.util.regex.Pattern$Slice.match(Ljava/util/regex/Matcher;ILjava/lang/CharSequence;)Z @ 29
Event: 0.384 Thread 0x00000000022b8800 Uncommon trap: reason=unstable_if action=reinterpret pc=0x000000000297d478 method=java.util.regex.Pattern$BmpCharProperty.match(Ljava/util/regex/Matcher;ILjava/lang/CharSequence;)Z @ 5

Internal exceptions (6 events):
Event: 0.053 Thread 0x00000000022b8800 Exception <a 'java/lang/NoSuchMethodError': Method sun.misc.Unsafe.defineClass(Ljava/lang/String;[BII)Ljava/lang/Class; name or signature does not match> (0x00000000eb307cc0) thrown at [C:\re\workspace\8-2-build-windows-amd64-cygwin\jdk8u101\7261\hotspot\sÍÕ”ÿ∑G´?
Event: 0.053 Thread 0x00000000022b8800 Exception <a 'java/lang/NoSuchMethodError': Method sun.misc.Unsafe.prefetchRead(Ljava/lang/Object;J)V name or signature does not match> (0x00000000eb307fa8) thrown at [C:\re\workspace\8-2-build-windows-amd64-cygwin\jdk8u101\7261\hotspot\src\share\vm\prims\Ï?∑@ù÷?
Event: 0.353 Thread 0x00000000022b8800 Exception <a 'java/security/PrivilegedActionException'> (0x00000000eb3962e0) thrown at [C:\re\workspace\8-2-build-windows-amd64-cygwin\jdk8u101\7261\hotspot\src\share\vm\prims\jvm.cpp, line 1386]
Event: 0.353 Thread 0x00000000022b8800 Exception <a 'java/security/PrivilegedActionException'> (0x00000000eb3964f0) thrown at [C:\re\workspace\8-2-build-windows-amd64-cygwin\jdk8u101\7261\hotspot\src\share\vm\prims\jvm.cpp, line 1386]
Event: 0.354 Thread 0x00000000022b8800 Exception <a 'java/security/PrivilegedActionException'> (0x00000000eb39a320) thrown at [C:\re\workspace\8-2-build-windows-amd64-cygwin\jdk8u101\7261\hotspot\src\share\vm\prims\jvm.cpp, line 1386]
Event: 0.354 Thread 0x00000000022b8800 Exception <a 'java/security/PrivilegedActionException'> (0x00000000eb39a530) thrown at [C:\re\workspace\8-2-build-windows-amd64-cygwin\jdk8u101\7261\hotspot\src\share\vm\prims\jvm.cpp, line 1386]

Events (10 events):
Event: 53.725 Executing VM operation: ChangeBreakpoints done
Event: 53.728 Executing VM operation: EnterInterpOnlyMode
Event: 53.728 Executing VM operation: EnterInterpOnlyMode done
Event: 53.728 Executing VM operation: GetCurrentLocation
Event: 53.728 Executing VM operation: GetCurrentLocation done
Event: 53.728 Executing VM operation: ChangeSingleStep
Event: 53.728 Executing VM operation: ChangeSingleStep done
Event: 53.729 Executing VM operation: ChangeSingleStep
Event: 53.729 Executing VM operation: ChangeSingleStep done
Event: 53.833 Executing VM operation: GetOrSetLocal


Dynamic libraries:
0x000000013f3c0000 - 0x000000013f3f7000 	C:\Program Files\Java\jre1.8.0_101\bin\javaw.exe
0x00000000778b0000 - 0x0000000077a59000 	C:\windows\SYSTEM32\ntdll.dll
0x0000000077790000 - 0x00000000778b0000 	C:\windows\system32\kernel32.dll
0x000007fefe070000 - 0x000007fefe0dc000 	C:\windows\system32\KERNELBASE.dll
0x000007fefe5e0000 - 0x000007fefe6bb000 	C:\windows\system32\ADVAPI32.dll
0x000007fefe960000 - 0x000007fefe9ff000 	C:\windows\system32\msvcrt.dll
0x000007fefe760000 - 0x000007fefe77f000 	C:\windows\SYSTEM32\sechost.dll
0x000007fefe290000 - 0x000007fefe3bd000 	C:\windows\system32\RPCRT4.dll
0x0000000077690000 - 0x000000007778a000 	C:\windows\system32\USER32.dll
0x000007fefe3c0000 - 0x000007fefe427000 	C:\windows\system32\GDI32.dll
0x000007fefec60000 - 0x000007fefec6e000 	C:\windows\system32\LPK.dll
0x000007fefe1c0000 - 0x000007fefe289000 	C:\windows\system32\USP10.dll
0x000007fefc670000 - 0x000007fefc864000 	C:\windows\WinSxS\amd64_microsoft.windows.common-controls_6595b64144ccf1df_6.0.7601.18837_none_fa3b1e3d17594757\COMCTL32.dll
0x000007feffb40000 - 0x000007feffbb1000 	C:\windows\system32\SHLWAPI.dll
0x000007fefe0e0000 - 0x000007fefe10e000 	C:\windows\system32\IMM32.DLL
0x000007fefe4d0000 - 0x000007fefe5d9000 	C:\windows\system32\MSCTF.dll
0x000007fef5930000 - 0x000007fef59dc000 	C:\Program Files\McAfee\Endpoint Security\Threat Prevention\Ips\EpMPApi.dll
0x000007fefe030000 - 0x000007fefe06b000 	C:\windows\system32\WINTRUST.dll
0x000007fefddc0000 - 0x000007fefdf2d000 	C:\windows\system32\CRYPT32.dll
0x000007fefddb0000 - 0x000007fefddbf000 	C:\windows\system32\MSASN1.dll
0x0000000073c10000 - 0x0000000073c1b000 	C:\Program Files\McAfee\Endpoint Security\Threat Prevention\Ips\EpMPThe.dll
0x0000000078fd0000 - 0x00000000790a2000 	C:\Program Files\Java\jre1.8.0_101\bin\msvcr100.dll
0x000000006f540000 - 0x000000006fdda000 	C:\Program Files\Java\jre1.8.0_101\bin\server\jvm.dll
0x000007fee60f0000 - 0x000007fee60f9000 	C:\windows\system32\WSOCK32.dll
0x000007fefea00000 - 0x000007fefea4d000 	C:\windows\system32\WS2_32.dll
0x000007fefe130000 - 0x000007fefe138000 	C:\windows\system32\NSI.dll
0x000007fefb850000 - 0x000007fefb88b000 	C:\windows\system32\WINMM.dll
0x000007fefcf40000 - 0x000007fefcf4c000 	C:\windows\system32\VERSION.dll
0x0000000077a80000 - 0x0000000077a87000 	C:\windows\system32\PSAPI.DLL
0x00000000570f0000 - 0x00000000570ff000 	C:\Program Files\Java\jre1.8.0_101\bin\verify.dll
0x0000000057080000 - 0x00000000570a9000 	C:\Program Files\Java\jre1.8.0_101\bin\java.dll
0x000000005a420000 - 0x000000005a455000 	C:\Program Files\Java\jre1.8.0_101\bin\jdwp.dll
0x000000005c210000 - 0x000000005c218000 	C:\Program Files\Java\jre1.8.0_101\bin\npt.dll
0x00000000570c0000 - 0x00000000570d6000 	C:\Program Files\Java\jre1.8.0_101\bin\zip.dll
0x000007fefedb0000 - 0x000007feffb39000 	C:\windows\system32\SHELL32.dll
0x000007fefea50000 - 0x000007fefec53000 	C:\windows\system32\ole32.dll
0x000007fefdd10000 - 0x000007fefdd1f000 	C:\windows\system32\profapi.dll
0x00000000611d0000 - 0x00000000611d9000 	C:\Program Files\Java\jre1.8.0_101\bin\dt_socket.dll
0x000007fefba90000 - 0x000007fefbaa5000 	C:\windows\system32\NLAapi.dll
0x000007fefa500000 - 0x000007fefa515000 	C:\windows\system32\napinsp.dll
0x000007fefa520000 - 0x000007fefa539000 	C:\windows\system32\pnrpnsp.dll
0x000007fefd520000 - 0x000007fefd575000 	C:\windows\System32\mswsock.dll
0x000007fefd3b0000 - 0x000007fefd40b000 	C:\windows\system32\DNSAPI.dll
0x000007fefa4f0000 - 0x000007fefa4fb000 	C:\windows\System32\winrnr.dll
0x000007fefa4e0000 - 0x000007fefa4f0000 	C:\windows\system32\wshbth.dll
0x000007fefb590000 - 0x000007fefb5b7000 	C:\windows\system32\IPHLPAPI.DLL
0x000007fefb550000 - 0x000007fefb55b000 	C:\windows\system32\WINNSI.DLL
0x000007fefb470000 - 0x000007fefb4c3000 	C:\windows\System32\fwpuclnt.dll
0x000007fefa570000 - 0x000007fefa578000 	C:\windows\system32\rasadhlp.dll
0x000007fefcb40000 - 0x000007fefcb47000 	C:\windows\System32\wshtcpip.dll
0x000007fef1ac0000 - 0x000007fef1be5000 	C:\windows\system32\dbghelp.dll

VM Arguments:
jvm_args: -agentlib:jdwp=transport=dt_socket,suspend=y,address=localhost:52269 -Duser.language=en -Duser.country=UK -Dfile.encoding=Cp1252 
java_command: corp.everis.pwc.moam.ShuntingYard
java_class_path (initial): C:\Users\ydelvaul\ownCloud\bin;C:\Program Files\Java\jaxb-ri\lib\jaxb-api.jar;C:\Program Files\Java\jaxb-ri\lib\jaxb-core.jar;C:\Program Files\Java\jaxb-ri\lib\jaxb-impl.jar;C:\Program Files\Java\jaxb-ri\lib\jaxb-xjc.jar;C:\Program Files\Java\jaxb-ri\lib\jaxb-jxc.jar;C:\Users\ydelvaul\Downloads\commons-lang3-3.5-bin\commons-lang3-3.5\commons-lang3-3.5.jar
Launcher Type: SUN_STANDARD

Environment Variables:
PATH=C:/Program Files/Java/jre1.8.0_101/bin/server;C:/Program Files/Java/jre1.8.0_101/bin;C:/Program Files/Java/jre1.8.0_101/lib/amd64;C:\ProgramData\Oracle\Java\javapath;C:\app\mescudel\product\11.1.0\db_1\bin;C:\windows\system32;C:\windows;C:\windows\System32\Wbem;C:\windows\System32\WindowsPowerShell\v1.0\;C:\Program Files (x86)\Microsoft Application Virtualization Client;C:\Program Files (x86)\RSA Security\RSA SecurID Software Token\;C:\Program Files\Microsoft SQL Server\130\Tools\Binn\;C:\Program Files\Git\cmd;C:\Eclipse;
USERNAME=ydelvaul
OS=Windows_NT
PROCESSOR_IDENTIFIER=Intel64 Family 6 Model 42 Stepping 7, GenuineIntel



---------------  S Y S T E M  ---------------

OS: Windows 7 , 64 bit Build 7601 (6.1.7601.19018)

CPU:total 4 (2 cores per cpu, 2 threads per core) family 6 model 42 stepping 7, cmov, cx8, fxsr, mmx, sse, sse2, sse3, ssse3, sse4.1, sse4.2, popcnt, avx, clmul, ht, tsc, tscinvbit

Memory: 4k page, physical 4088892k(877216k free), swap 8175948k(3742880k free)

vm_info: Java HotSpot(TM) 64-Bit Server VM (25.101-b13) for windows-amd64 JRE (1.8.0_101-b13), built on Jun 22 2016 01:21:29 by "java_re" with MS VC++ 10.0 (VS2010)

time: Wed Nov 16 13:59:19 2016
elapsed time: 53 seconds (0d 0h 0m 53s)

