#
# A fatal error has been detected by the Java Runtime Environment:
#
#  EXCEPTION_ACCESS_VIOLATION (0xc0000005) at pc=0x000000006f6363cf, pid=8156, tid=0x0000000000000f38
#
# JRE version: Java(TM) SE Runtime Environment (8.0_101-b13) (build 1.8.0_101-b13)
# Java VM: Java HotSpot(TM) 64-Bit Server VM (25.101-b13 mixed mode windows-amd64 compressed oops)
# Problematic frame:
# V  [jvm.dll+0xf63cf]
#
# Failed to write core dump. Minidumps are not enabled by default on client versions of Windows
#
# If you would like to submit a bug report, please visit:
#   http://bugreport.java.com/bugreport/crash.jsp
#

---------------  T H R E A D  ---------------

Current thread (0x0000000014feb000):  VMThread [stack: 0x00000000161e0000,0x00000000162e0000] [id=3896]

siginfo: ExceptionCode=0xc0000005, reading address 0x0000000014c000b8

Registers:
RAX=0x0000000000194380, RBX=0x0000000000000000, RCX=0x0000000014a6bd28, RDX=0x000000000000ca1c
RSP=0x00000000162deb78, RBP=0x00000000162df0f0, RSI=0x00000000162df280, RDI=0x00000000162df280
R8 =0x0000000000000000, R9 =0x0000000014a6acf0, R10=0x0000000000000007, R11=0x0000000014a6a77a
R12=0x0000000017d8c940, R13=0x00000000162df0b0, R14=0x00000000000003d8, R15=0x00000000162df0a0
RIP=0x000000006f6363cf, EFLAGS=0x0000000000010202

Top of Stack: (sp=0x00000000162deb78)
0x00000000162deb78:   000000006f63dec0 00000007ab37b458
0x00000000162deb88:   0000000000000000 00000007ab37b1e8
0x00000000162deb98:   00000007ab37ade0 00000007ab37ad30
0x00000000162deba8:   00000007ab37aca0 000000006fb42418
0x00000000162debb8:   0000000002301650 0000000000000002
0x00000000162debc8:   000000070000000c 00000000162debf0
0x00000000162debd8:   0000000700000001 000000004600039c
0x00000000162debe8:   00000007ab37a1b0 2fffffff4fffffff
0x00000000162debf8:   000000074fffffff 00000007ab379fa0
0x00000000162dec08:   00000007ab379f10 00000007ab379e80
0x00000000162dec18:   00000007ab379dd8 00000007ab379d60
0x00000000162dec28:   00000007ab379ce8 00000007ab379c48
0x00000000162dec38:   00000007ab379be0 00000007ab379b68
0x00000000162dec48:   00000007ab379910 00000007ab379878
0x00000000162dec58:   00000007ab379800 00000007ab379800
0x00000000162dec68:   00000007ab379608 00000007ab3794c8 

Instructions: (pc=0x000000006f6363cf)
0x000000006f6363af:   74 3e 85 d2 79 13 f7 d2 48 63 c2 48 c1 e0 05 48
0x000000006f6363bf:   8b 44 08 10 0f b7 c0 eb 12 48 63 c2 48 c1 e0 05
0x000000006f6363cf:   48 8b 44 08 10 0f b7 d0 48 63 c2 41 0f b7 4c c1
0x000000006f6363df:   52 48 63 c1 41 0f b7 44 c1 52 49 8b 44 c1 50 c3 


Register to memory mapping:

RAX=0x0000000000194380 is an unknown value
RBX=0x0000000000000000 is an unknown value
RCX=0x0000000014a6bd28 is pointing into metadata
RDX=0x000000000000ca1c is an unknown value
RSP=0x00000000162deb78 is an unknown value
RBP=0x00000000162df0f0 is an unknown value
RSI=0x00000000162df280 is an unknown value
RDI=0x00000000162df280 is an unknown value
R8 =0x0000000000000000 is an unknown value
R9 =0x0000000014a6acf0 is pointing into metadata
R10=0x0000000000000007 is an unknown value
R11=0x0000000014a6a77a is pointing into metadata
R12=0x0000000017d8c940 is an unknown value
R13=0x00000000162df0b0 is an unknown value
R14=0x00000000000003d8 is an unknown value
R15=0x00000000162df0a0 is an unknown value


Stack: [0x00000000161e0000,0x00000000162e0000],  sp=0x00000000162deb78,  free space=1018k
Native frames: (J=compiled Java code, j=interpreted, Vv=VM code, C=native code)
V  [jvm.dll+0xf63cf]

VM_Operation (0x00000000172ef1f0): GetOrSetLocal, mode: safepoint, requested by thread 0x000000001505f800


---------------  P R O C E S S  ---------------

Java Threads: ( => current thread )
  0x0000000016998800 JavaThread "Service Thread" daemon [_thread_blocked, id=1008, stack(0x0000000017440000,0x0000000017540000)]
  0x0000000016930000 JavaThread "C1 CompilerThread2" daemon [_thread_blocked, id=6960, stack(0x0000000017a90000,0x0000000017b90000)]
  0x0000000016926000 JavaThread "C2 CompilerThread1" daemon [_thread_blocked, id=6952, stack(0x00000000178a0000,0x00000000179a0000)]
  0x0000000016920000 JavaThread "C2 CompilerThread0" daemon [_thread_blocked, id=6600, stack(0x0000000017730000,0x0000000017830000)]
  0x0000000016900800 JavaThread "JDWP Command Reader" daemon [_thread_in_native, id=7612, stack(0x00000000175b0000,0x00000000176b0000)]
  0x00000000168fd000 JavaThread "JDWP Event Helper Thread" daemon [_thread_blocked, id=776, stack(0x00000000172f0000,0x00000000173f0000)]
  0x000000001505f800 JavaThread "JDWP Transport Listener: dt_socket" daemon [_thread_blocked, id=4876, stack(0x00000000171f0000,0x00000000172f0000)]
  0x0000000015058800 JavaThread "Attach Listener" daemon [_thread_blocked, id=7664, stack(0x00000000167f0000,0x00000000168f0000)]
  0x0000000015055000 JavaThread "Signal Dispatcher" daemon [_thread_blocked, id=6868, stack(0x0000000016660000,0x0000000016760000)]
  0x0000000015039800 JavaThread "Finalizer" daemon [_thread_blocked, id=3784, stack(0x0000000016490000,0x0000000016590000)]
  0x0000000014ff2800 JavaThread "Reference Handler" daemon [_thread_blocked, id=6584, stack(0x0000000016080000,0x0000000016180000)]
  0x00000000022b8800 JavaThread "main" [_thread_blocked, id=7004, stack(0x00000000024e0000,0x00000000025e0000)]

Other Threads:
=>0x0000000014feb000 VMThread [stack: 0x00000000161e0000,0x00000000162e0000] [id=3896]
  0x00000000169a2800 WatcherThread [stack: 0x0000000017c20000,0x0000000017d20000] [id=2672]

VM state:at safepoint (normal execution)

VM Mutex/Monitor currently owned by a thread:  ([mutex/lock_event])
[0x00000000004bddd0] Threads_lock - owner thread: 0x0000000014feb000

Heap:
 PSYoungGen      total 18944K, used 1638K [0x00000007ab300000, 0x00000007ac800000, 0x00000007c0000000)
  eden space 16384K, 10% used [0x00000007ab300000,0x00000007ab499b58,0x00000007ac300000)
  from space 2560K, 0% used [0x00000007ac580000,0x00000007ac580000,0x00000007ac800000)
  to   space 2560K, 0% used [0x00000007ac300000,0x00000007ac300000,0x00000007ac580000)
 ParOldGen       total 44032K, used 0K [0x0000000781800000, 0x0000000784300000, 0x00000007ab300000)
  object space 44032K, 0% used [0x0000000781800000,0x0000000781800000,0x0000000784300000)
 Metaspace       used 3228K, capacity 4550K, committed 4864K, reserved 1056768K
  class space    used 359K, capacity 386K, committed 512K, reserved 1048576K

Card table byte_map: [0x0000000011c70000,0x0000000011e70000] byte_map_base: 0x000000000e064000

Marking Bits: (ParMarkBitMap*) 0x000000006fd5a6d0
 Begin Bits: [0x0000000012520000, 0x00000000134c0000)
 End Bits:   [0x00000000134c0000, 0x0000000014460000)

Polling page: 0x0000000000150000

CodeCache: size=245760Kb used=1424Kb max_used=1444Kb free=244335Kb
 bounds [0x00000000028b0000, 0x0000000002b20000, 0x00000000118b0000]
 total_blobs=349 nmethods=115 adapters=155
 compilation: enabled

Compilation events (10 events):
Event: 0.313 Thread 0x0000000016930000  113       3       java.util.regex.Pattern::accept (43 bytes)
Event: 0.313 Thread 0x0000000016926000 nmethod 109 0x0000000002a0e010 code [0x0000000002a0e180, 0x0000000002a0ea08]
Event: 0.313 Thread 0x0000000016926000  110       4       java.util.regex.Pattern$Curly::match (86 bytes)
Event: 0.314 Thread 0x0000000016930000 nmethod 113 0x0000000002a05090 code [0x0000000002a05240, 0x0000000002a05678]
Event: 0.314 Thread 0x0000000016930000  115       1       java.nio.Buffer::limit (5 bytes)
Event: 0.314 Thread 0x0000000016930000 nmethod 115 0x0000000002a04dd0 code [0x0000000002a04f20, 0x0000000002a05030]
Event: 0.327 Thread 0x0000000016920000 nmethod 111 0x0000000002a12050 code [0x0000000002a122a0, 0x0000000002a13d10]
Event: 0.327 Thread 0x0000000016920000  108       4       java.util.regex.Pattern$BitClass::isSatisfiedBy (22 bytes)
Event: 0.328 Thread 0x0000000016920000 nmethod 108 0x0000000002a035d0 code [0x0000000002a03720, 0x0000000002a037f8]
Event: 0.351 Thread 0x0000000016926000 nmethod 110 0x0000000002a19250 code [0x0000000002a194c0, 0x0000000002a1b720]

GC Heap History (0 events):
No events

Deoptimization events (2 events):
Event: 0.288 Thread 0x00000000022b8800 Uncommon trap: reason=unstable_if action=reinterpret pc=0x00000000029ea8b4 method=java.util.regex.Pattern$Slice.match(Ljava/util/regex/Matcher;ILjava/lang/CharSequence;)Z @ 29
Event: 0.292 Thread 0x00000000022b8800 Uncommon trap: reason=unstable_if action=reinterpret pc=0x00000000029eb290 method=java.util.regex.Pattern$BmpCharProperty.match(Ljava/util/regex/Matcher;ILjava/lang/CharSequence;)Z @ 5

Internal exceptions (6 events):
Event: 0.031 Thread 0x00000000022b8800 Exception <a 'java/lang/NoSuchMethodError': Method sun.misc.Unsafe.defineClass(Ljava/lang/String;[BII)Ljava/lang/Class; name or signature does not match> (0x00000007ab307cc0) thrown at [C:\re\workspace\8-2-build-windows-amd64-cygwin\jdk8u101\7261\hotspot\sMA¦ûÉŸ?
Event: 0.031 Thread 0x00000000022b8800 Exception <a 'java/lang/NoSuchMethodError': Method sun.misc.Unsafe.prefetchRead(Ljava/lang/Object;J)V name or signature does not match> (0x00000007ab307fa8) thrown at [C:\re\workspace\8-2-build-windows-amd64-cygwin\jdk8u101\7261\hotspot\src\share\vm\prims\»oÎß:xÐ?
Event: 0.257 Thread 0x00000000022b8800 Exception <a 'java/security/PrivilegedActionException'> (0x00000007ab3962e8) thrown at [C:\re\workspace\8-2-build-windows-amd64-cygwin\jdk8u101\7261\hotspot\src\share\vm\prims\jvm.cpp, line 1386]
Event: 0.257 Thread 0x00000000022b8800 Exception <a 'java/security/PrivilegedActionException'> (0x00000007ab3964f8) thrown at [C:\re\workspace\8-2-build-windows-amd64-cygwin\jdk8u101\7261\hotspot\src\share\vm\prims\jvm.cpp, line 1386]
Event: 0.258 Thread 0x00000000022b8800 Exception <a 'java/security/PrivilegedActionException'> (0x00000007ab39a328) thrown at [C:\re\workspace\8-2-build-windows-amd64-cygwin\jdk8u101\7261\hotspot\src\share\vm\prims\jvm.cpp, line 1386]
Event: 0.258 Thread 0x00000000022b8800 Exception <a 'java/security/PrivilegedActionException'> (0x00000007ab39a538) thrown at [C:\re\workspace\8-2-build-windows-amd64-cygwin\jdk8u101\7261\hotspot\src\share\vm\prims\jvm.cpp, line 1386]

Events (10 events):
Event: 5.138 Executing VM operation: ChangeBreakpoints done
Event: 5.140 Executing VM operation: EnterInterpOnlyMode
Event: 5.140 Executing VM operation: EnterInterpOnlyMode done
Event: 5.140 Executing VM operation: GetCurrentLocation
Event: 5.140 Executing VM operation: GetCurrentLocation done
Event: 5.140 Executing VM operation: ChangeSingleStep
Event: 5.140 Executing VM operation: ChangeSingleStep done
Event: 5.141 Executing VM operation: ChangeSingleStep
Event: 5.141 Executing VM operation: ChangeSingleStep done
Event: 5.219 Executing VM operation: GetOrSetLocal


Dynamic libraries:
0x000000013fe70000 - 0x000000013fea7000 	C:\Program Files\Java\jre1.8.0_101\bin\javaw.exe
0x00000000778b0000 - 0x0000000077a59000 	C:\windows\SYSTEM32\ntdll.dll
0x0000000077790000 - 0x00000000778b0000 	C:\windows\system32\kernel32.dll
0x000007fefe070000 - 0x000007fefe0dc000 	C:\windows\system32\KERNELBASE.dll
0x000007fefe5e0000 - 0x000007fefe6bb000 	C:\windows\system32\ADVAPI32.dll
0x000007fefe960000 - 0x000007fefe9ff000 	C:\windows\system32\msvcrt.dll
0x000007fefe760000 - 0x000007fefe77f000 	C:\windows\SYSTEM32\sechost.dll
0x000007fefe290000 - 0x000007fefe3bd000 	C:\windows\system32\RPCRT4.dll
0x0000000077690000 - 0x000000007778a000 	C:\windows\system32\USER32.dll
0x000007fefe3c0000 - 0x000007fefe427000 	C:\windows\system32\GDI32.dll
0x000007fefec60000 - 0x000007fefec6e000 	C:\windows\system32\LPK.dll
0x000007fefe1c0000 - 0x000007fefe289000 	C:\windows\system32\USP10.dll
0x000007fefc670000 - 0x000007fefc864000 	C:\windows\WinSxS\amd64_microsoft.windows.common-controls_6595b64144ccf1df_6.0.7601.18837_none_fa3b1e3d17594757\COMCTL32.dll
0x000007feffb40000 - 0x000007feffbb1000 	C:\windows\system32\SHLWAPI.dll
0x000007fefe0e0000 - 0x000007fefe10e000 	C:\windows\system32\IMM32.DLL
0x000007fefe4d0000 - 0x000007fefe5d9000 	C:\windows\system32\MSCTF.dll
0x000007fef5930000 - 0x000007fef59dc000 	C:\Program Files\McAfee\Endpoint Security\Threat Prevention\Ips\EpMPApi.dll
0x000007fefe030000 - 0x000007fefe06b000 	C:\windows\system32\WINTRUST.dll
0x000007fefddc0000 - 0x000007fefdf2d000 	C:\windows\system32\CRYPT32.dll
0x000007fefddb0000 - 0x000007fefddbf000 	C:\windows\system32\MSASN1.dll
0x0000000073c10000 - 0x0000000073c1b000 	C:\Program Files\McAfee\Endpoint Security\Threat Prevention\Ips\EpMPThe.dll
0x0000000078d80000 - 0x0000000078e52000 	C:\Program Files\Java\jre1.8.0_101\bin\msvcr100.dll
0x000000006f540000 - 0x000000006fdda000 	C:\Program Files\Java\jre1.8.0_101\bin\server\jvm.dll
0x000007fee60f0000 - 0x000007fee60f9000 	C:\windows\system32\WSOCK32.dll
0x000007fefea00000 - 0x000007fefea4d000 	C:\windows\system32\WS2_32.dll
0x000007fefe130000 - 0x000007fefe138000 	C:\windows\system32\NSI.dll
0x000007fefb850000 - 0x000007fefb88b000 	C:\windows\system32\WINMM.dll
0x000007fefcf40000 - 0x000007fefcf4c000 	C:\windows\system32\VERSION.dll
0x0000000077a80000 - 0x0000000077a87000 	C:\windows\system32\PSAPI.DLL
0x00000000570f0000 - 0x00000000570ff000 	C:\Program Files\Java\jre1.8.0_101\bin\verify.dll
0x0000000057080000 - 0x00000000570a9000 	C:\Program Files\Java\jre1.8.0_101\bin\java.dll
0x000000005a7c0000 - 0x000000005a7f5000 	C:\Program Files\Java\jre1.8.0_101\bin\jdwp.dll
0x00000000611d0000 - 0x00000000611d8000 	C:\Program Files\Java\jre1.8.0_101\bin\npt.dll
0x00000000570c0000 - 0x00000000570d6000 	C:\Program Files\Java\jre1.8.0_101\bin\zip.dll
0x000007fefedb0000 - 0x000007feffb39000 	C:\windows\system32\SHELL32.dll
0x000007fefea50000 - 0x000007fefec53000 	C:\windows\system32\ole32.dll
0x000007fefdd10000 - 0x000007fefdd1f000 	C:\windows\system32\profapi.dll
0x000000005c210000 - 0x000000005c219000 	C:\Program Files\Java\jre1.8.0_101\bin\dt_socket.dll
0x000007fefba90000 - 0x000007fefbaa5000 	C:\windows\system32\NLAapi.dll
0x000007fefa500000 - 0x000007fefa515000 	C:\windows\system32\napinsp.dll
0x000007fefa520000 - 0x000007fefa539000 	C:\windows\system32\pnrpnsp.dll
0x000007fefd520000 - 0x000007fefd575000 	C:\windows\System32\mswsock.dll
0x000007fefd3b0000 - 0x000007fefd40b000 	C:\windows\system32\DNSAPI.dll
0x000007fefa4f0000 - 0x000007fefa4fb000 	C:\windows\System32\winrnr.dll
0x000007fefa4e0000 - 0x000007fefa4f0000 	C:\windows\system32\wshbth.dll
0x000007fefb590000 - 0x000007fefb5b7000 	C:\windows\system32\IPHLPAPI.DLL
0x000007fefb550000 - 0x000007fefb55b000 	C:\windows\system32\WINNSI.DLL
0x000007fefb470000 - 0x000007fefb4c3000 	C:\windows\System32\fwpuclnt.dll
0x000007fefa570000 - 0x000007fefa578000 	C:\windows\system32\rasadhlp.dll
0x000007fefcb40000 - 0x000007fefcb47000 	C:\windows\System32\wshtcpip.dll
0x000007fef1ac0000 - 0x000007fef1be5000 	C:\windows\system32\dbghelp.dll

VM Arguments:
jvm_args: -agentlib:jdwp=transport=dt_socket,suspend=y,address=localhost:52487 -Duser.language=en -Duser.country=UK -Dfile.encoding=Cp1252 
java_command: corp.everis.pwc.moam.ShuntingYard
java_class_path (initial): C:\Users\ydelvaul\ownCloud\bin;C:\Program Files\Java\jaxb-ri\lib\jaxb-api.jar;C:\Program Files\Java\jaxb-ri\lib\jaxb-core.jar;C:\Program Files\Java\jaxb-ri\lib\jaxb-impl.jar;C:\Program Files\Java\jaxb-ri\lib\jaxb-xjc.jar;C:\Program Files\Java\jaxb-ri\lib\jaxb-jxc.jar;C:\Users\ydelvaul\Downloads\commons-lang3-3.5-bin\commons-lang3-3.5\commons-lang3-3.5.jar
Launcher Type: SUN_STANDARD

Environment Variables:
PATH=C:/Program Files/Java/jre1.8.0_101/bin/server;C:/Program Files/Java/jre1.8.0_101/bin;C:/Program Files/Java/jre1.8.0_101/lib/amd64;C:\ProgramData\Oracle\Java\javapath;C:\app\mescudel\product\11.1.0\db_1\bin;C:\windows\system32;C:\windows;C:\windows\System32\Wbem;C:\windows\System32\WindowsPowerShell\v1.0\;C:\Program Files (x86)\Microsoft Application Virtualization Client;C:\Program Files (x86)\RSA Security\RSA SecurID Software Token\;C:\Program Files\Microsoft SQL Server\130\Tools\Binn\;C:\Program Files\Git\cmd;C:\Eclipse;
USERNAME=ydelvaul
OS=Windows_NT
PROCESSOR_IDENTIFIER=Intel64 Family 6 Model 42 Stepping 7, GenuineIntel



---------------  S Y S T E M  ---------------

OS: Windows 7 , 64 bit Build 7601 (6.1.7601.19018)

CPU:total 4 (2 cores per cpu, 2 threads per core) family 6 model 42 stepping 7, cmov, cx8, fxsr, mmx, sse, sse2, sse3, ssse3, sse4.1, sse4.2, popcnt, avx, clmul, ht, tsc, tscinvbit

Memory: 4k page, physical 4088892k(855868k free), swap 8175948k(3719316k free)

vm_info: Java HotSpot(TM) 64-Bit Server VM (25.101-b13) for windows-amd64 JRE (1.8.0_101-b13), built on Jun 22 2016 01:21:29 by "java_re" with MS VC++ 10.0 (VS2010)

time: Wed Nov 16 13:59:26 2016
elapsed time: 5 seconds (0d 0h 0m 5s)

